mode: set
gitlab.ozon.dev/akugnerevich/homework.git/internal/service/controller/inputs/inputs.go:9.57,17.16 7 0
gitlab.ozon.dev/akugnerevich/homework.git/internal/service/controller/inputs/inputs.go:17.16,19.3 1 0
gitlab.ozon.dev/akugnerevich/homework.git/internal/service/controller/inputs/inputs.go:21.2,22.16 2 0
gitlab.ozon.dev/akugnerevich/homework.git/internal/service/controller/inputs/inputs.go:22.16,24.3 1 0
gitlab.ozon.dev/akugnerevich/homework.git/internal/service/controller/inputs/inputs.go:26.2,29.16 4 0
gitlab.ozon.dev/akugnerevich/homework.git/internal/service/controller/inputs/inputs.go:29.16,31.3 1 0
gitlab.ozon.dev/akugnerevich/homework.git/internal/service/controller/inputs/inputs.go:33.2,33.33 1 0
gitlab.ozon.dev/akugnerevich/homework.git/cmd/signals/signal.go:13.94,18.12 3 0
gitlab.ozon.dev/akugnerevich/homework.git/cmd/signals/signal.go:18.12,26.3 6 0
gitlab.ozon.dev/akugnerevich/homework.git/cmd/signals/signal.go:27.2,27.12 1 0
gitlab.ozon.dev/akugnerevich/homework.git/internal/cli/cli.go:23.85,30.6 5 0
gitlab.ozon.dev/akugnerevich/homework.git/internal/cli/cli.go:30.6,32.37 2 0
gitlab.ozon.dev/akugnerevich/homework.git/internal/cli/cli.go:32.37,34.4 1 0
gitlab.ozon.dev/akugnerevich/homework.git/internal/cli/cli.go:36.3,38.16 2 0
gitlab.ozon.dev/akugnerevich/homework.git/internal/cli/cli.go:39.15,42.14 3 0
gitlab.ozon.dev/akugnerevich/homework.git/internal/cli/cli.go:43.22,44.42 1 0
gitlab.ozon.dev/akugnerevich/homework.git/internal/cli/cli.go:45.22,46.42 1 0
gitlab.ozon.dev/akugnerevich/homework.git/internal/cli/cli.go:47.21,48.41 1 0
gitlab.ozon.dev/akugnerevich/homework.git/internal/cli/cli.go:49.21,50.41 1 0
gitlab.ozon.dev/akugnerevich/homework.git/internal/cli/cli.go:51.22,52.46 1 0
gitlab.ozon.dev/akugnerevich/homework.git/internal/cli/cli.go:53.22,54.42 1 0
gitlab.ozon.dev/akugnerevich/homework.git/internal/cli/cli.go:55.15,56.14 1 0
gitlab.ozon.dev/akugnerevich/homework.git/internal/cli/cli.go:57.11,58.40 1 0
gitlab.ozon.dev/akugnerevich/homework.git/internal/cli/cli.go:63.50,65.51 2 0
gitlab.ozon.dev/akugnerevich/homework.git/internal/cli/cli.go:65.51,67.3 1 0
gitlab.ozon.dev/akugnerevich/homework.git/internal/cli/cli.go:68.2,68.38 1 0
gitlab.ozon.dev/akugnerevich/homework.git/internal/cli/cli.go:71.27,72.16 1 0
gitlab.ozon.dev/akugnerevich/homework.git/internal/cli/cli.go:72.16,74.3 1 0
gitlab.ozon.dev/akugnerevich/homework.git/internal/cli/cli.go:74.8,76.3 1 0
gitlab.ozon.dev/akugnerevich/homework.git/internal/cli/cli.go:78.23,81.2 2 0
gitlab.ozon.dev/akugnerevich/homework.git/cmd/app/main.go:10.13,14.16 4 0
gitlab.ozon.dev/akugnerevich/homework.git/cmd/app/main.go:14.16,17.17 3 0
gitlab.ozon.dev/akugnerevich/homework.git/cmd/app/main.go:17.17,19.4 1 0
gitlab.ozon.dev/akugnerevich/homework.git/cmd/app/main.go:21.2,22.16 2 0
gitlab.ozon.dev/akugnerevich/homework.git/cmd/app/main.go:22.16,25.17 3 0
gitlab.ozon.dev/akugnerevich/homework.git/cmd/app/main.go:25.17,27.4 1 0
gitlab.ozon.dev/akugnerevich/homework.git/cmd/app/main.go:29.2,31.36 2 0
gitlab.ozon.dev/akugnerevich/homework.git/internal/models/orders.go:7.37,8.96 1 0
gitlab.ozon.dev/akugnerevich/homework.git/internal/models/orders.go:8.96,10.3 1 0
gitlab.ozon.dev/akugnerevich/homework.git/internal/models/orders.go:10.8,12.3 1 0
gitlab.ozon.dev/akugnerevich/homework.git/internal/models/orders.go:13.2,13.12 1 0
gitlab.ozon.dev/akugnerevich/homework.git/internal/service/controller/controller.go:18.58,20.16 2 0
gitlab.ozon.dev/akugnerevich/homework.git/internal/service/controller/controller.go:20.16,22.3 1 0
gitlab.ozon.dev/akugnerevich/homework.git/internal/service/controller/controller.go:24.2,25.16 2 0
gitlab.ozon.dev/akugnerevich/homework.git/internal/service/controller/controller.go:25.16,27.3 1 0
gitlab.ozon.dev/akugnerevich/homework.git/internal/service/controller/controller.go:29.2,30.16 2 0
gitlab.ozon.dev/akugnerevich/homework.git/internal/service/controller/controller.go:30.16,32.3 1 0
gitlab.ozon.dev/akugnerevich/homework.git/internal/service/controller/controller.go:34.2,34.12 1 0
gitlab.ozon.dev/akugnerevich/homework.git/internal/service/controller/controller.go:37.58,42.22 5 0
gitlab.ozon.dev/akugnerevich/homework.git/internal/service/controller/controller.go:42.22,44.3 1 0
gitlab.ozon.dev/akugnerevich/homework.git/internal/service/controller/controller.go:45.2,46.16 2 0
gitlab.ozon.dev/akugnerevich/homework.git/internal/service/controller/controller.go:46.16,48.3 1 0
gitlab.ozon.dev/akugnerevich/homework.git/internal/service/controller/controller.go:49.2,49.12 1 0
gitlab.ozon.dev/akugnerevich/homework.git/internal/service/controller/controller.go:52.57,58.16 6 0
gitlab.ozon.dev/akugnerevich/homework.git/internal/service/controller/controller.go:58.16,60.3 1 0
gitlab.ozon.dev/akugnerevich/homework.git/internal/service/controller/controller.go:61.2,63.25 3 0
gitlab.ozon.dev/akugnerevich/homework.git/internal/service/controller/controller.go:63.25,66.17 2 0
gitlab.ozon.dev/akugnerevich/homework.git/internal/service/controller/controller.go:66.17,69.4 2 0
gitlab.ozon.dev/akugnerevich/homework.git/internal/service/controller/controller.go:70.3,70.31 1 0
gitlab.ozon.dev/akugnerevich/homework.git/internal/service/controller/controller.go:70.31,72.4 1 0
gitlab.ozon.dev/akugnerevich/homework.git/internal/service/controller/controller.go:73.3,73.42 1 0
gitlab.ozon.dev/akugnerevich/homework.git/internal/service/controller/controller.go:75.2,76.16 2 0
gitlab.ozon.dev/akugnerevich/homework.git/internal/service/controller/controller.go:76.16,78.3 1 0
gitlab.ozon.dev/akugnerevich/homework.git/internal/service/controller/controller.go:79.2,79.12 1 0
gitlab.ozon.dev/akugnerevich/homework.git/internal/service/controller/controller.go:82.57,95.14 8 0
gitlab.ozon.dev/akugnerevich/homework.git/internal/service/controller/controller.go:96.9,98.13 2 0
gitlab.ozon.dev/akugnerevich/homework.git/internal/service/controller/controller.go:99.9,104.13 5 0
gitlab.ozon.dev/akugnerevich/homework.git/internal/service/controller/controller.go:107.2,107.12 1 0
gitlab.ozon.dev/akugnerevich/homework.git/internal/service/controller/controller.go:110.94,120.2 6 0
gitlab.ozon.dev/akugnerevich/homework.git/internal/service/controller/controller.go:122.60,132.2 5 0
gitlab.ozon.dev/akugnerevich/homework.git/internal/service/mocks/order_storage_interface_mock.go:72.81,75.55 2 0
gitlab.ozon.dev/akugnerevich/homework.git/internal/service/mocks/order_storage_interface_mock.go:75.55,77.3 1 0
gitlab.ozon.dev/akugnerevich/homework.git/internal/service/mocks/order_storage_interface_mock.go:79.2,99.10 13 0
gitlab.ozon.dev/akugnerevich/homework.git/internal/service/mocks/order_storage_interface_mock.go:147.129,150.2 2 0
gitlab.ozon.dev/akugnerevich/homework.git/internal/service/mocks/order_storage_interface_mock.go:153.143,154.59 1 0
gitlab.ozon.dev/akugnerevich/homework.git/internal/service/mocks/order_storage_interface_mock.go:154.59,156.3 1 0
gitlab.ozon.dev/akugnerevich/homework.git/internal/service/mocks/order_storage_interface_mock.go:158.2,158.51 1 0
gitlab.ozon.dev/akugnerevich/homework.git/internal/service/mocks/order_storage_interface_mock.go:158.51,160.3 1 0
gitlab.ozon.dev/akugnerevich/homework.git/internal/service/mocks/order_storage_interface_mock.go:162.2,162.61 1 0
gitlab.ozon.dev/akugnerevich/homework.git/internal/service/mocks/order_storage_interface_mock.go:162.61,164.3 1 0
gitlab.ozon.dev/akugnerevich/homework.git/internal/service/mocks/order_storage_interface_mock.go:166.2,168.53 3 0
gitlab.ozon.dev/akugnerevich/homework.git/internal/service/mocks/order_storage_interface_mock.go:168.53,169.78 1 0
gitlab.ozon.dev/akugnerevich/homework.git/internal/service/mocks/order_storage_interface_mock.go:169.78,171.4 1 0
gitlab.ozon.dev/akugnerevich/homework.git/internal/service/mocks/order_storage_interface_mock.go:174.2,174.28 1 0
gitlab.ozon.dev/akugnerevich/homework.git/internal/service/mocks/order_storage_interface_mock.go:178.151,179.59 1 0
gitlab.ozon.dev/akugnerevich/homework.git/internal/service/mocks/order_storage_interface_mock.go:179.59,181.3 1 0
gitlab.ozon.dev/akugnerevich/homework.git/internal/service/mocks/order_storage_interface_mock.go:183.2,183.51 1 0
gitlab.ozon.dev/akugnerevich/homework.git/internal/service/mocks/order_storage_interface_mock.go:183.51,185.3 1 0
gitlab.ozon.dev/akugnerevich/homework.git/internal/service/mocks/order_storage_interface_mock.go:187.2,187.58 1 0
gitlab.ozon.dev/akugnerevich/homework.git/internal/service/mocks/order_storage_interface_mock.go:187.58,189.3 1 0
gitlab.ozon.dev/akugnerevich/homework.git/internal/service/mocks/order_storage_interface_mock.go:191.2,191.61 1 0
gitlab.ozon.dev/akugnerevich/homework.git/internal/service/mocks/order_storage_interface_mock.go:191.61,193.3 1 0
gitlab.ozon.dev/akugnerevich/homework.git/internal/service/mocks/order_storage_interface_mock.go:194.2,197.28 3 0
gitlab.ozon.dev/akugnerevich/homework.git/internal/service/mocks/order_storage_interface_mock.go:201.152,202.66 1 0
gitlab.ozon.dev/akugnerevich/homework.git/internal/service/mocks/order_storage_interface_mock.go:202.66,204.3 1 0
gitlab.ozon.dev/akugnerevich/homework.git/internal/service/mocks/order_storage_interface_mock.go:206.2,208.28 2 0
gitlab.ozon.dev/akugnerevich/homework.git/internal/service/mocks/order_storage_interface_mock.go:212.109,213.59 1 0
gitlab.ozon.dev/akugnerevich/homework.git/internal/service/mocks/order_storage_interface_mock.go:213.59,215.3 1 0
gitlab.ozon.dev/akugnerevich/homework.git/internal/service/mocks/order_storage_interface_mock.go:217.2,217.51 1 0
gitlab.ozon.dev/akugnerevich/homework.git/internal/service/mocks/order_storage_interface_mock.go:217.51,219.3 1 0
gitlab.ozon.dev/akugnerevich/homework.git/internal/service/mocks/order_storage_interface_mock.go:221.2,222.33 2 0
gitlab.ozon.dev/akugnerevich/homework.git/internal/service/mocks/order_storage_interface_mock.go:226.130,227.51 1 0
gitlab.ozon.dev/akugnerevich/homework.git/internal/service/mocks/order_storage_interface_mock.go:227.51,229.3 1 0
gitlab.ozon.dev/akugnerevich/homework.git/internal/service/mocks/order_storage_interface_mock.go:231.2,231.47 1 0
gitlab.ozon.dev/akugnerevich/homework.git/internal/service/mocks/order_storage_interface_mock.go:231.47,233.3 1 0
gitlab.ozon.dev/akugnerevich/homework.git/internal/service/mocks/order_storage_interface_mock.go:235.2,237.33 3 0
gitlab.ozon.dev/akugnerevich/homework.git/internal/service/mocks/order_storage_interface_mock.go:241.134,242.12 1 0
gitlab.ozon.dev/akugnerevich/homework.git/internal/service/mocks/order_storage_interface_mock.go:242.12,244.3 1 0
gitlab.ozon.dev/akugnerevich/homework.git/internal/service/mocks/order_storage_interface_mock.go:245.2,247.28 3 0
gitlab.ozon.dev/akugnerevich/homework.git/internal/service/mocks/order_storage_interface_mock.go:250.96,251.154 1 0
gitlab.ozon.dev/akugnerevich/homework.git/internal/service/mocks/order_storage_interface_mock.go:251.154,253.3 1 0
gitlab.ozon.dev/akugnerevich/homework.git/internal/service/mocks/order_storage_interface_mock.go:255.2,258.102 3 0
gitlab.ozon.dev/akugnerevich/homework.git/internal/service/mocks/order_storage_interface_mock.go:262.91,268.61 4 0
gitlab.ozon.dev/akugnerevich/homework.git/internal/service/mocks/order_storage_interface_mock.go:268.61,270.3 1 0
gitlab.ozon.dev/akugnerevich/homework.git/internal/service/mocks/order_storage_interface_mock.go:272.2,279.75 5 0
gitlab.ozon.dev/akugnerevich/homework.git/internal/service/mocks/order_storage_interface_mock.go:279.75,280.43 1 0
gitlab.ozon.dev/akugnerevich/homework.git/internal/service/mocks/order_storage_interface_mock.go:280.43,283.4 2 0
gitlab.ozon.dev/akugnerevich/homework.git/internal/service/mocks/order_storage_interface_mock.go:286.2,286.73 1 0
gitlab.ozon.dev/akugnerevich/homework.git/internal/service/mocks/order_storage_interface_mock.go:286.73,293.26 5 0
gitlab.ozon.dev/akugnerevich/homework.git/internal/service/mocks/order_storage_interface_mock.go:293.26,295.78 1 0
gitlab.ozon.dev/akugnerevich/homework.git/internal/service/mocks/order_storage_interface_mock.go:295.78,298.5 1 0
gitlab.ozon.dev/akugnerevich/homework.git/internal/service/mocks/order_storage_interface_mock.go:300.9,300.65 1 0
gitlab.ozon.dev/akugnerevich/homework.git/internal/service/mocks/order_storage_interface_mock.go:300.65,303.4 1 0
gitlab.ozon.dev/akugnerevich/homework.git/internal/service/mocks/order_storage_interface_mock.go:305.3,305.9 1 0
gitlab.ozon.dev/akugnerevich/homework.git/internal/service/mocks/order_storage_interface_mock.go:308.2,308.54 1 0
gitlab.ozon.dev/akugnerevich/homework.git/internal/service/mocks/order_storage_interface_mock.go:308.54,311.3 2 0
gitlab.ozon.dev/akugnerevich/homework.git/internal/service/mocks/order_storage_interface_mock.go:312.2,312.104 1 0
gitlab.ozon.dev/akugnerevich/homework.git/internal/service/mocks/order_storage_interface_mock.go:317.94,319.2 1 0
gitlab.ozon.dev/akugnerevich/homework.git/internal/service/mocks/order_storage_interface_mock.go:322.95,324.2 1 0
gitlab.ozon.dev/akugnerevich/homework.git/internal/service/mocks/order_storage_interface_mock.go:328.133,337.2 5 0
gitlab.ozon.dev/akugnerevich/homework.git/internal/service/mocks/order_storage_interface_mock.go:341.74,342.38 1 0
gitlab.ozon.dev/akugnerevich/homework.git/internal/service/mocks/order_storage_interface_mock.go:342.38,345.3 1 0
gitlab.ozon.dev/akugnerevich/homework.git/internal/service/mocks/order_storage_interface_mock.go:347.2,347.57 1 0
gitlab.ozon.dev/akugnerevich/homework.git/internal/service/mocks/order_storage_interface_mock.go:347.57,348.43 1 0
gitlab.ozon.dev/akugnerevich/homework.git/internal/service/mocks/order_storage_interface_mock.go:348.43,350.4 1 0
gitlab.ozon.dev/akugnerevich/homework.git/internal/service/mocks/order_storage_interface_mock.go:353.2,353.50 1 0
gitlab.ozon.dev/akugnerevich/homework.git/internal/service/mocks/order_storage_interface_mock.go:357.72,358.57 1 0
gitlab.ozon.dev/akugnerevich/homework.git/internal/service/mocks/order_storage_interface_mock.go:358.57,359.43 1 0
gitlab.ozon.dev/akugnerevich/homework.git/internal/service/mocks/order_storage_interface_mock.go:359.43,361.4 1 0
gitlab.ozon.dev/akugnerevich/homework.git/internal/service/mocks/order_storage_interface_mock.go:364.2,366.92 2 0
gitlab.ozon.dev/akugnerevich/homework.git/internal/service/mocks/order_storage_interface_mock.go:366.92,367.63 1 0
gitlab.ozon.dev/akugnerevich/homework.git/internal/service/mocks/order_storage_interface_mock.go:367.63,369.4 1 0
gitlab.ozon.dev/akugnerevich/homework.git/internal/service/mocks/order_storage_interface_mock.go:369.9,371.4 1 0
gitlab.ozon.dev/akugnerevich/homework.git/internal/service/mocks/order_storage_interface_mock.go:374.2,374.73 1 0
gitlab.ozon.dev/akugnerevich/homework.git/internal/service/mocks/order_storage_interface_mock.go:374.73,376.3 1 0
gitlab.ozon.dev/akugnerevich/homework.git/internal/service/mocks/order_storage_interface_mock.go:378.2,378.85 1 0
gitlab.ozon.dev/akugnerevich/homework.git/internal/service/mocks/order_storage_interface_mock.go:378.85,381.3 1 0
gitlab.ozon.dev/akugnerevich/homework.git/internal/service/mocks/order_storage_interface_mock.go:429.144,432.2 2 0
gitlab.ozon.dev/akugnerevich/homework.git/internal/service/mocks/order_storage_interface_mock.go:435.149,436.69 1 0
gitlab.ozon.dev/akugnerevich/homework.git/internal/service/mocks/order_storage_interface_mock.go:436.69,438.3 1 0
gitlab.ozon.dev/akugnerevich/homework.git/internal/service/mocks/order_storage_interface_mock.go:440.2,440.56 1 0
gitlab.ozon.dev/akugnerevich/homework.git/internal/service/mocks/order_storage_interface_mock.go:440.56,442.3 1 0
gitlab.ozon.dev/akugnerevich/homework.git/internal/service/mocks/order_storage_interface_mock.go:444.2,444.66 1 0
gitlab.ozon.dev/akugnerevich/homework.git/internal/service/mocks/order_storage_interface_mock.go:444.66,446.3 1 0
gitlab.ozon.dev/akugnerevich/homework.git/internal/service/mocks/order_storage_interface_mock.go:448.2,450.58 3 0
gitlab.ozon.dev/akugnerevich/homework.git/internal/service/mocks/order_storage_interface_mock.go:450.58,451.83 1 0
gitlab.ozon.dev/akugnerevich/homework.git/internal/service/mocks/order_storage_interface_mock.go:451.83,453.4 1 0
gitlab.ozon.dev/akugnerevich/homework.git/internal/service/mocks/order_storage_interface_mock.go:456.2,456.33 1 0
gitlab.ozon.dev/akugnerevich/homework.git/internal/service/mocks/order_storage_interface_mock.go:460.157,461.69 1 0
gitlab.ozon.dev/akugnerevich/homework.git/internal/service/mocks/order_storage_interface_mock.go:461.69,463.3 1 0
gitlab.ozon.dev/akugnerevich/homework.git/internal/service/mocks/order_storage_interface_mock.go:465.2,465.56 1 0
gitlab.ozon.dev/akugnerevich/homework.git/internal/service/mocks/order_storage_interface_mock.go:465.56,467.3 1 0
gitlab.ozon.dev/akugnerevich/homework.git/internal/service/mocks/order_storage_interface_mock.go:469.2,469.63 1 0
gitlab.ozon.dev/akugnerevich/homework.git/internal/service/mocks/order_storage_interface_mock.go:469.63,471.3 1 0
gitlab.ozon.dev/akugnerevich/homework.git/internal/service/mocks/order_storage_interface_mock.go:473.2,473.66 1 0
gitlab.ozon.dev/akugnerevich/homework.git/internal/service/mocks/order_storage_interface_mock.go:473.66,475.3 1 0
gitlab.ozon.dev/akugnerevich/homework.git/internal/service/mocks/order_storage_interface_mock.go:476.2,479.33 3 0
gitlab.ozon.dev/akugnerevich/homework.git/internal/service/mocks/order_storage_interface_mock.go:483.158,484.76 1 0
gitlab.ozon.dev/akugnerevich/homework.git/internal/service/mocks/order_storage_interface_mock.go:484.76,486.3 1 0
gitlab.ozon.dev/akugnerevich/homework.git/internal/service/mocks/order_storage_interface_mock.go:488.2,490.33 2 0
gitlab.ozon.dev/akugnerevich/homework.git/internal/service/mocks/order_storage_interface_mock.go:494.119,495.69 1 0
gitlab.ozon.dev/akugnerevich/homework.git/internal/service/mocks/order_storage_interface_mock.go:495.69,497.3 1 0
gitlab.ozon.dev/akugnerevich/homework.git/internal/service/mocks/order_storage_interface_mock.go:499.2,499.56 1 0
gitlab.ozon.dev/akugnerevich/homework.git/internal/service/mocks/order_storage_interface_mock.go:499.56,501.3 1 0
gitlab.ozon.dev/akugnerevich/homework.git/internal/service/mocks/order_storage_interface_mock.go:503.2,504.38 2 0
gitlab.ozon.dev/akugnerevich/homework.git/internal/service/mocks/order_storage_interface_mock.go:508.131,509.56 1 0
gitlab.ozon.dev/akugnerevich/homework.git/internal/service/mocks/order_storage_interface_mock.go:509.56,511.3 1 0
gitlab.ozon.dev/akugnerevich/homework.git/internal/service/mocks/order_storage_interface_mock.go:513.2,513.52 1 0
gitlab.ozon.dev/akugnerevich/homework.git/internal/service/mocks/order_storage_interface_mock.go:513.52,515.3 1 0
gitlab.ozon.dev/akugnerevich/homework.git/internal/service/mocks/order_storage_interface_mock.go:517.2,519.38 3 0
gitlab.ozon.dev/akugnerevich/homework.git/internal/service/mocks/order_storage_interface_mock.go:523.149,524.12 1 0
gitlab.ozon.dev/akugnerevich/homework.git/internal/service/mocks/order_storage_interface_mock.go:524.12,526.3 1 0
gitlab.ozon.dev/akugnerevich/homework.git/internal/service/mocks/order_storage_interface_mock.go:527.2,529.33 3 0
gitlab.ozon.dev/akugnerevich/homework.git/internal/service/mocks/order_storage_interface_mock.go:532.106,533.174 1 0
gitlab.ozon.dev/akugnerevich/homework.git/internal/service/mocks/order_storage_interface_mock.go:533.174,535.3 1 0
gitlab.ozon.dev/akugnerevich/homework.git/internal/service/mocks/order_storage_interface_mock.go:537.2,540.102 3 0
gitlab.ozon.dev/akugnerevich/homework.git/internal/service/mocks/order_storage_interface_mock.go:544.92,550.71 4 0
gitlab.ozon.dev/akugnerevich/homework.git/internal/service/mocks/order_storage_interface_mock.go:550.71,552.3 1 0
gitlab.ozon.dev/akugnerevich/homework.git/internal/service/mocks/order_storage_interface_mock.go:554.2,561.85 5 0
gitlab.ozon.dev/akugnerevich/homework.git/internal/service/mocks/order_storage_interface_mock.go:561.85,562.43 1 0
gitlab.ozon.dev/akugnerevich/homework.git/internal/service/mocks/order_storage_interface_mock.go:562.43,565.4 2 0
gitlab.ozon.dev/akugnerevich/homework.git/internal/service/mocks/order_storage_interface_mock.go:568.2,568.83 1 0
gitlab.ozon.dev/akugnerevich/homework.git/internal/service/mocks/order_storage_interface_mock.go:568.83,575.26 5 0
gitlab.ozon.dev/akugnerevich/homework.git/internal/service/mocks/order_storage_interface_mock.go:575.26,577.78 1 0
gitlab.ozon.dev/akugnerevich/homework.git/internal/service/mocks/order_storage_interface_mock.go:577.78,580.5 1 0
gitlab.ozon.dev/akugnerevich/homework.git/internal/service/mocks/order_storage_interface_mock.go:582.9,582.65 1 0
gitlab.ozon.dev/akugnerevich/homework.git/internal/service/mocks/order_storage_interface_mock.go:582.65,585.4 1 0
gitlab.ozon.dev/akugnerevich/homework.git/internal/service/mocks/order_storage_interface_mock.go:587.3,587.9 1 0
gitlab.ozon.dev/akugnerevich/homework.git/internal/service/mocks/order_storage_interface_mock.go:590.2,590.64 1 0
gitlab.ozon.dev/akugnerevich/homework.git/internal/service/mocks/order_storage_interface_mock.go:590.64,593.3 2 0
gitlab.ozon.dev/akugnerevich/homework.git/internal/service/mocks/order_storage_interface_mock.go:594.2,594.114 1 0
gitlab.ozon.dev/akugnerevich/homework.git/internal/service/mocks/order_storage_interface_mock.go:599.104,601.2 1 0
gitlab.ozon.dev/akugnerevich/homework.git/internal/service/mocks/order_storage_interface_mock.go:604.105,606.2 1 0
gitlab.ozon.dev/akugnerevich/homework.git/internal/service/mocks/order_storage_interface_mock.go:610.148,619.2 5 0
gitlab.ozon.dev/akugnerevich/homework.git/internal/service/mocks/order_storage_interface_mock.go:623.79,624.43 1 0
gitlab.ozon.dev/akugnerevich/homework.git/internal/service/mocks/order_storage_interface_mock.go:624.43,627.3 1 0
gitlab.ozon.dev/akugnerevich/homework.git/internal/service/mocks/order_storage_interface_mock.go:629.2,629.62 1 0
gitlab.ozon.dev/akugnerevich/homework.git/internal/service/mocks/order_storage_interface_mock.go:629.62,630.43 1 0
gitlab.ozon.dev/akugnerevich/homework.git/internal/service/mocks/order_storage_interface_mock.go:630.43,632.4 1 0
gitlab.ozon.dev/akugnerevich/homework.git/internal/service/mocks/order_storage_interface_mock.go:635.2,635.55 1 0
gitlab.ozon.dev/akugnerevich/homework.git/internal/service/mocks/order_storage_interface_mock.go:639.77,640.62 1 0
gitlab.ozon.dev/akugnerevich/homework.git/internal/service/mocks/order_storage_interface_mock.go:640.62,641.43 1 0
gitlab.ozon.dev/akugnerevich/homework.git/internal/service/mocks/order_storage_interface_mock.go:641.43,643.4 1 0
gitlab.ozon.dev/akugnerevich/homework.git/internal/service/mocks/order_storage_interface_mock.go:646.2,648.102 2 0
gitlab.ozon.dev/akugnerevich/homework.git/internal/service/mocks/order_storage_interface_mock.go:648.102,649.68 1 0
gitlab.ozon.dev/akugnerevich/homework.git/internal/service/mocks/order_storage_interface_mock.go:649.68,651.4 1 0
gitlab.ozon.dev/akugnerevich/homework.git/internal/service/mocks/order_storage_interface_mock.go:651.9,653.4 1 0
gitlab.ozon.dev/akugnerevich/homework.git/internal/service/mocks/order_storage_interface_mock.go:656.2,656.83 1 0
gitlab.ozon.dev/akugnerevich/homework.git/internal/service/mocks/order_storage_interface_mock.go:656.83,658.3 1 0
gitlab.ozon.dev/akugnerevich/homework.git/internal/service/mocks/order_storage_interface_mock.go:660.2,660.95 1 0
gitlab.ozon.dev/akugnerevich/homework.git/internal/service/mocks/order_storage_interface_mock.go:660.95,663.3 1 0
gitlab.ozon.dev/akugnerevich/homework.git/internal/service/mocks/order_storage_interface_mock.go:717.102,720.2 2 0
gitlab.ozon.dev/akugnerevich/homework.git/internal/service/mocks/order_storage_interface_mock.go:723.107,724.41 1 0
gitlab.ozon.dev/akugnerevich/homework.git/internal/service/mocks/order_storage_interface_mock.go:724.41,726.3 1 0
gitlab.ozon.dev/akugnerevich/homework.git/internal/service/mocks/order_storage_interface_mock.go:728.2,728.42 1 0
gitlab.ozon.dev/akugnerevich/homework.git/internal/service/mocks/order_storage_interface_mock.go:728.42,730.3 1 0
gitlab.ozon.dev/akugnerevich/homework.git/internal/service/mocks/order_storage_interface_mock.go:732.2,732.52 1 0
gitlab.ozon.dev/akugnerevich/homework.git/internal/service/mocks/order_storage_interface_mock.go:732.52,734.3 1 0
gitlab.ozon.dev/akugnerevich/homework.git/internal/service/mocks/order_storage_interface_mock.go:736.2,738.44 3 0
gitlab.ozon.dev/akugnerevich/homework.git/internal/service/mocks/order_storage_interface_mock.go:738.44,739.69 1 0
gitlab.ozon.dev/akugnerevich/homework.git/internal/service/mocks/order_storage_interface_mock.go:739.69,741.4 1 0
gitlab.ozon.dev/akugnerevich/homework.git/internal/service/mocks/order_storage_interface_mock.go:744.2,744.19 1 0
gitlab.ozon.dev/akugnerevich/homework.git/internal/service/mocks/order_storage_interface_mock.go:748.115,749.41 1 0
gitlab.ozon.dev/akugnerevich/homework.git/internal/service/mocks/order_storage_interface_mock.go:749.41,751.3 1 0
gitlab.ozon.dev/akugnerevich/homework.git/internal/service/mocks/order_storage_interface_mock.go:753.2,753.42 1 0
gitlab.ozon.dev/akugnerevich/homework.git/internal/service/mocks/order_storage_interface_mock.go:753.42,755.3 1 0
gitlab.ozon.dev/akugnerevich/homework.git/internal/service/mocks/order_storage_interface_mock.go:757.2,757.49 1 0
gitlab.ozon.dev/akugnerevich/homework.git/internal/service/mocks/order_storage_interface_mock.go:757.49,759.3 1 0
gitlab.ozon.dev/akugnerevich/homework.git/internal/service/mocks/order_storage_interface_mock.go:761.2,761.52 1 0
gitlab.ozon.dev/akugnerevich/homework.git/internal/service/mocks/order_storage_interface_mock.go:761.52,763.3 1 0
gitlab.ozon.dev/akugnerevich/homework.git/internal/service/mocks/order_storage_interface_mock.go:764.2,767.19 3 0
gitlab.ozon.dev/akugnerevich/homework.git/internal/service/mocks/order_storage_interface_mock.go:771.116,772.48 1 0
gitlab.ozon.dev/akugnerevich/homework.git/internal/service/mocks/order_storage_interface_mock.go:772.48,774.3 1 0
gitlab.ozon.dev/akugnerevich/homework.git/internal/service/mocks/order_storage_interface_mock.go:776.2,778.19 2 0
gitlab.ozon.dev/akugnerevich/homework.git/internal/service/mocks/order_storage_interface_mock.go:782.117,783.41 1 0
gitlab.ozon.dev/akugnerevich/homework.git/internal/service/mocks/order_storage_interface_mock.go:783.41,785.3 1 0
gitlab.ozon.dev/akugnerevich/homework.git/internal/service/mocks/order_storage_interface_mock.go:787.2,787.42 1 0
gitlab.ozon.dev/akugnerevich/homework.git/internal/service/mocks/order_storage_interface_mock.go:787.42,789.3 1 0
gitlab.ozon.dev/akugnerevich/homework.git/internal/service/mocks/order_storage_interface_mock.go:790.2,792.24 3 0
gitlab.ozon.dev/akugnerevich/homework.git/internal/service/mocks/order_storage_interface_mock.go:796.132,797.42 1 0
gitlab.ozon.dev/akugnerevich/homework.git/internal/service/mocks/order_storage_interface_mock.go:797.42,799.3 1 0
gitlab.ozon.dev/akugnerevich/homework.git/internal/service/mocks/order_storage_interface_mock.go:801.2,801.38 1 0
gitlab.ozon.dev/akugnerevich/homework.git/internal/service/mocks/order_storage_interface_mock.go:801.38,803.3 1 0
gitlab.ozon.dev/akugnerevich/homework.git/internal/service/mocks/order_storage_interface_mock.go:805.2,807.24 3 0
gitlab.ozon.dev/akugnerevich/homework.git/internal/service/mocks/order_storage_interface_mock.go:812.115,813.41 1 0
gitlab.ozon.dev/akugnerevich/homework.git/internal/service/mocks/order_storage_interface_mock.go:813.41,815.3 1 0
gitlab.ozon.dev/akugnerevich/homework.git/internal/service/mocks/order_storage_interface_mock.go:817.2,823.20 3 0
gitlab.ozon.dev/akugnerevich/homework.git/internal/service/mocks/order_storage_interface_mock.go:827.116,830.2 2 0
gitlab.ozon.dev/akugnerevich/homework.git/internal/service/mocks/order_storage_interface_mock.go:833.107,834.12 1 0
gitlab.ozon.dev/akugnerevich/homework.git/internal/service/mocks/order_storage_interface_mock.go:834.12,836.3 1 0
gitlab.ozon.dev/akugnerevich/homework.git/internal/service/mocks/order_storage_interface_mock.go:837.2,839.19 3 0
gitlab.ozon.dev/akugnerevich/homework.git/internal/service/mocks/order_storage_interface_mock.go:842.78,843.118 1 0
gitlab.ozon.dev/akugnerevich/homework.git/internal/service/mocks/order_storage_interface_mock.go:843.118,845.3 1 0
gitlab.ozon.dev/akugnerevich/homework.git/internal/service/mocks/order_storage_interface_mock.go:847.2,850.102 3 0
gitlab.ozon.dev/akugnerevich/homework.git/internal/service/mocks/order_storage_interface_mock.go:854.93,860.43 4 0
gitlab.ozon.dev/akugnerevich/homework.git/internal/service/mocks/order_storage_interface_mock.go:860.43,862.3 1 0
gitlab.ozon.dev/akugnerevich/homework.git/internal/service/mocks/order_storage_interface_mock.go:864.2,871.57 5 0
gitlab.ozon.dev/akugnerevich/homework.git/internal/service/mocks/order_storage_interface_mock.go:871.57,872.43 1 0
gitlab.ozon.dev/akugnerevich/homework.git/internal/service/mocks/order_storage_interface_mock.go:872.43,875.4 2 0
gitlab.ozon.dev/akugnerevich/homework.git/internal/service/mocks/order_storage_interface_mock.go:878.2,878.55 1 0
gitlab.ozon.dev/akugnerevich/homework.git/internal/service/mocks/order_storage_interface_mock.go:878.55,885.26 5 0
gitlab.ozon.dev/akugnerevich/homework.git/internal/service/mocks/order_storage_interface_mock.go:885.26,887.78 1 0
gitlab.ozon.dev/akugnerevich/homework.git/internal/service/mocks/order_storage_interface_mock.go:887.78,890.5 1 0
gitlab.ozon.dev/akugnerevich/homework.git/internal/service/mocks/order_storage_interface_mock.go:892.9,892.65 1 0
gitlab.ozon.dev/akugnerevich/homework.git/internal/service/mocks/order_storage_interface_mock.go:892.65,895.4 1 0
gitlab.ozon.dev/akugnerevich/homework.git/internal/service/mocks/order_storage_interface_mock.go:897.3,898.24 2 0
gitlab.ozon.dev/akugnerevich/homework.git/internal/service/mocks/order_storage_interface_mock.go:898.24,900.4 1 0
gitlab.ozon.dev/akugnerevich/homework.git/internal/service/mocks/order_storage_interface_mock.go:901.3,901.45 1 0
gitlab.ozon.dev/akugnerevich/homework.git/internal/service/mocks/order_storage_interface_mock.go:903.2,903.36 1 0
gitlab.ozon.dev/akugnerevich/homework.git/internal/service/mocks/order_storage_interface_mock.go:903.36,905.3 1 0
gitlab.ozon.dev/akugnerevich/homework.git/internal/service/mocks/order_storage_interface_mock.go:906.2,907.8 2 0
gitlab.ozon.dev/akugnerevich/homework.git/internal/service/mocks/order_storage_interface_mock.go:911.76,913.2 1 0
gitlab.ozon.dev/akugnerevich/homework.git/internal/service/mocks/order_storage_interface_mock.go:916.77,918.2 1 0
gitlab.ozon.dev/akugnerevich/homework.git/internal/service/mocks/order_storage_interface_mock.go:922.106,931.2 5 0
gitlab.ozon.dev/akugnerevich/homework.git/internal/service/mocks/order_storage_interface_mock.go:935.65,936.29 1 0
gitlab.ozon.dev/akugnerevich/homework.git/internal/service/mocks/order_storage_interface_mock.go:936.29,939.3 1 0
gitlab.ozon.dev/akugnerevich/homework.git/internal/service/mocks/order_storage_interface_mock.go:941.2,941.48 1 0
gitlab.ozon.dev/akugnerevich/homework.git/internal/service/mocks/order_storage_interface_mock.go:941.48,942.43 1 0
gitlab.ozon.dev/akugnerevich/homework.git/internal/service/mocks/order_storage_interface_mock.go:942.43,944.4 1 0
gitlab.ozon.dev/akugnerevich/homework.git/internal/service/mocks/order_storage_interface_mock.go:947.2,947.41 1 0
gitlab.ozon.dev/akugnerevich/homework.git/internal/service/mocks/order_storage_interface_mock.go:951.63,952.48 1 0
gitlab.ozon.dev/akugnerevich/homework.git/internal/service/mocks/order_storage_interface_mock.go:952.48,953.43 1 0
gitlab.ozon.dev/akugnerevich/homework.git/internal/service/mocks/order_storage_interface_mock.go:953.43,955.4 1 0
gitlab.ozon.dev/akugnerevich/homework.git/internal/service/mocks/order_storage_interface_mock.go:958.2,960.74 2 0
gitlab.ozon.dev/akugnerevich/homework.git/internal/service/mocks/order_storage_interface_mock.go:960.74,961.54 1 0
gitlab.ozon.dev/akugnerevich/homework.git/internal/service/mocks/order_storage_interface_mock.go:961.54,963.4 1 0
gitlab.ozon.dev/akugnerevich/homework.git/internal/service/mocks/order_storage_interface_mock.go:963.9,965.4 1 0
gitlab.ozon.dev/akugnerevich/homework.git/internal/service/mocks/order_storage_interface_mock.go:968.2,968.55 1 0
gitlab.ozon.dev/akugnerevich/homework.git/internal/service/mocks/order_storage_interface_mock.go:968.55,970.3 1 0
gitlab.ozon.dev/akugnerevich/homework.git/internal/service/mocks/order_storage_interface_mock.go:972.2,972.67 1 0
gitlab.ozon.dev/akugnerevich/homework.git/internal/service/mocks/order_storage_interface_mock.go:972.67,975.3 1 0
gitlab.ozon.dev/akugnerevich/homework.git/internal/service/mocks/order_storage_interface_mock.go:1007.111,1010.2 2 0
gitlab.ozon.dev/akugnerevich/homework.git/internal/service/mocks/order_storage_interface_mock.go:1013.109,1014.47 1 0
gitlab.ozon.dev/akugnerevich/homework.git/internal/service/mocks/order_storage_interface_mock.go:1014.47,1016.3 1 0
gitlab.ozon.dev/akugnerevich/homework.git/internal/service/mocks/order_storage_interface_mock.go:1018.2,1018.45 1 0
gitlab.ozon.dev/akugnerevich/homework.git/internal/service/mocks/order_storage_interface_mock.go:1018.45,1020.3 1 0
gitlab.ozon.dev/akugnerevich/homework.git/internal/service/mocks/order_storage_interface_mock.go:1022.2,1022.22 1 0
gitlab.ozon.dev/akugnerevich/homework.git/internal/service/mocks/order_storage_interface_mock.go:1026.118,1027.54 1 0
gitlab.ozon.dev/akugnerevich/homework.git/internal/service/mocks/order_storage_interface_mock.go:1027.54,1029.3 1 0
gitlab.ozon.dev/akugnerevich/homework.git/internal/service/mocks/order_storage_interface_mock.go:1031.2,1033.22 2 0
gitlab.ozon.dev/akugnerevich/homework.git/internal/service/mocks/order_storage_interface_mock.go:1037.107,1038.47 1 0
gitlab.ozon.dev/akugnerevich/homework.git/internal/service/mocks/order_storage_interface_mock.go:1038.47,1040.3 1 0
gitlab.ozon.dev/akugnerevich/homework.git/internal/service/mocks/order_storage_interface_mock.go:1042.2,1042.45 1 0
gitlab.ozon.dev/akugnerevich/homework.git/internal/service/mocks/order_storage_interface_mock.go:1042.45,1044.3 1 0
gitlab.ozon.dev/akugnerevich/homework.git/internal/service/mocks/order_storage_interface_mock.go:1045.2,1047.27 3 0
gitlab.ozon.dev/akugnerevich/homework.git/internal/service/mocks/order_storage_interface_mock.go:1051.115,1052.45 1 0
gitlab.ozon.dev/akugnerevich/homework.git/internal/service/mocks/order_storage_interface_mock.go:1052.45,1054.3 1 0
gitlab.ozon.dev/akugnerevich/homework.git/internal/service/mocks/order_storage_interface_mock.go:1056.2,1056.41 1 0
gitlab.ozon.dev/akugnerevich/homework.git/internal/service/mocks/order_storage_interface_mock.go:1056.41,1058.3 1 0
gitlab.ozon.dev/akugnerevich/homework.git/internal/service/mocks/order_storage_interface_mock.go:1060.2,1062.27 3 0
gitlab.ozon.dev/akugnerevich/homework.git/internal/service/mocks/order_storage_interface_mock.go:1066.116,1067.12 1 0
gitlab.ozon.dev/akugnerevich/homework.git/internal/service/mocks/order_storage_interface_mock.go:1067.12,1069.3 1 0
gitlab.ozon.dev/akugnerevich/homework.git/internal/service/mocks/order_storage_interface_mock.go:1070.2,1072.22 3 0
gitlab.ozon.dev/akugnerevich/homework.git/internal/service/mocks/order_storage_interface_mock.go:1075.84,1076.130 1 0
gitlab.ozon.dev/akugnerevich/homework.git/internal/service/mocks/order_storage_interface_mock.go:1076.130,1078.3 1 0
gitlab.ozon.dev/akugnerevich/homework.git/internal/service/mocks/order_storage_interface_mock.go:1080.2,1083.102 3 0
gitlab.ozon.dev/akugnerevich/homework.git/internal/service/mocks/order_storage_interface_mock.go:1087.76,1093.49 4 0
gitlab.ozon.dev/akugnerevich/homework.git/internal/service/mocks/order_storage_interface_mock.go:1093.49,1095.3 1 0
gitlab.ozon.dev/akugnerevich/homework.git/internal/service/mocks/order_storage_interface_mock.go:1097.2,1097.61 1 0
gitlab.ozon.dev/akugnerevich/homework.git/internal/service/mocks/order_storage_interface_mock.go:1097.61,1101.24 3 0
gitlab.ozon.dev/akugnerevich/homework.git/internal/service/mocks/order_storage_interface_mock.go:1101.24,1103.4 1 0
gitlab.ozon.dev/akugnerevich/homework.git/internal/service/mocks/order_storage_interface_mock.go:1104.3,1104.27 1 0
gitlab.ozon.dev/akugnerevich/homework.git/internal/service/mocks/order_storage_interface_mock.go:1106.2,1106.42 1 0
gitlab.ozon.dev/akugnerevich/homework.git/internal/service/mocks/order_storage_interface_mock.go:1106.42,1108.3 1 0
gitlab.ozon.dev/akugnerevich/homework.git/internal/service/mocks/order_storage_interface_mock.go:1109.2,1110.8 2 0
gitlab.ozon.dev/akugnerevich/homework.git/internal/service/mocks/order_storage_interface_mock.go:1114.82,1116.2 1 0
gitlab.ozon.dev/akugnerevich/homework.git/internal/service/mocks/order_storage_interface_mock.go:1119.83,1121.2 1 0
gitlab.ozon.dev/akugnerevich/homework.git/internal/service/mocks/order_storage_interface_mock.go:1125.68,1126.32 1 0
gitlab.ozon.dev/akugnerevich/homework.git/internal/service/mocks/order_storage_interface_mock.go:1126.32,1129.3 1 0
gitlab.ozon.dev/akugnerevich/homework.git/internal/service/mocks/order_storage_interface_mock.go:1131.2,1131.51 1 0
gitlab.ozon.dev/akugnerevich/homework.git/internal/service/mocks/order_storage_interface_mock.go:1131.51,1132.43 1 0
gitlab.ozon.dev/akugnerevich/homework.git/internal/service/mocks/order_storage_interface_mock.go:1132.43,1134.4 1 0
gitlab.ozon.dev/akugnerevich/homework.git/internal/service/mocks/order_storage_interface_mock.go:1137.2,1137.44 1 0
gitlab.ozon.dev/akugnerevich/homework.git/internal/service/mocks/order_storage_interface_mock.go:1141.66,1142.51 1 0
gitlab.ozon.dev/akugnerevich/homework.git/internal/service/mocks/order_storage_interface_mock.go:1142.51,1143.43 1 0
gitlab.ozon.dev/akugnerevich/homework.git/internal/service/mocks/order_storage_interface_mock.go:1143.43,1145.4 1 0
gitlab.ozon.dev/akugnerevich/homework.git/internal/service/mocks/order_storage_interface_mock.go:1148.2,1150.80 2 0
gitlab.ozon.dev/akugnerevich/homework.git/internal/service/mocks/order_storage_interface_mock.go:1150.80,1152.3 1 0
gitlab.ozon.dev/akugnerevich/homework.git/internal/service/mocks/order_storage_interface_mock.go:1154.2,1154.61 1 0
gitlab.ozon.dev/akugnerevich/homework.git/internal/service/mocks/order_storage_interface_mock.go:1154.61,1156.3 1 0
gitlab.ozon.dev/akugnerevich/homework.git/internal/service/mocks/order_storage_interface_mock.go:1158.2,1158.73 1 0
gitlab.ozon.dev/akugnerevich/homework.git/internal/service/mocks/order_storage_interface_mock.go:1158.73,1161.3 1 0
gitlab.ozon.dev/akugnerevich/homework.git/internal/service/mocks/order_storage_interface_mock.go:1214.105,1217.2 2 0
gitlab.ozon.dev/akugnerevich/homework.git/internal/service/mocks/order_storage_interface_mock.go:1220.110,1221.43 1 0
gitlab.ozon.dev/akugnerevich/homework.git/internal/service/mocks/order_storage_interface_mock.go:1221.43,1223.3 1 0
gitlab.ozon.dev/akugnerevich/homework.git/internal/service/mocks/order_storage_interface_mock.go:1225.2,1225.43 1 0
gitlab.ozon.dev/akugnerevich/homework.git/internal/service/mocks/order_storage_interface_mock.go:1225.43,1227.3 1 0
gitlab.ozon.dev/akugnerevich/homework.git/internal/service/mocks/order_storage_interface_mock.go:1229.2,1229.53 1 0
gitlab.ozon.dev/akugnerevich/homework.git/internal/service/mocks/order_storage_interface_mock.go:1229.53,1231.3 1 0
gitlab.ozon.dev/akugnerevich/homework.git/internal/service/mocks/order_storage_interface_mock.go:1233.2,1235.45 3 0
gitlab.ozon.dev/akugnerevich/homework.git/internal/service/mocks/order_storage_interface_mock.go:1235.45,1236.70 1 0
gitlab.ozon.dev/akugnerevich/homework.git/internal/service/mocks/order_storage_interface_mock.go:1236.70,1238.4 1 0
gitlab.ozon.dev/akugnerevich/homework.git/internal/service/mocks/order_storage_interface_mock.go:1241.2,1241.20 1 0
gitlab.ozon.dev/akugnerevich/homework.git/internal/service/mocks/order_storage_interface_mock.go:1245.118,1246.43 1 0
gitlab.ozon.dev/akugnerevich/homework.git/internal/service/mocks/order_storage_interface_mock.go:1246.43,1248.3 1 0
gitlab.ozon.dev/akugnerevich/homework.git/internal/service/mocks/order_storage_interface_mock.go:1250.2,1250.43 1 0
gitlab.ozon.dev/akugnerevich/homework.git/internal/service/mocks/order_storage_interface_mock.go:1250.43,1252.3 1 0
gitlab.ozon.dev/akugnerevich/homework.git/internal/service/mocks/order_storage_interface_mock.go:1254.2,1254.50 1 0
gitlab.ozon.dev/akugnerevich/homework.git/internal/service/mocks/order_storage_interface_mock.go:1254.50,1256.3 1 0
gitlab.ozon.dev/akugnerevich/homework.git/internal/service/mocks/order_storage_interface_mock.go:1258.2,1258.53 1 0
gitlab.ozon.dev/akugnerevich/homework.git/internal/service/mocks/order_storage_interface_mock.go:1258.53,1260.3 1 0
gitlab.ozon.dev/akugnerevich/homework.git/internal/service/mocks/order_storage_interface_mock.go:1261.2,1264.20 3 0
gitlab.ozon.dev/akugnerevich/homework.git/internal/service/mocks/order_storage_interface_mock.go:1268.119,1269.50 1 0
gitlab.ozon.dev/akugnerevich/homework.git/internal/service/mocks/order_storage_interface_mock.go:1269.50,1271.3 1 0
gitlab.ozon.dev/akugnerevich/homework.git/internal/service/mocks/order_storage_interface_mock.go:1273.2,1275.20 2 0
gitlab.ozon.dev/akugnerevich/homework.git/internal/service/mocks/order_storage_interface_mock.go:1279.100,1280.43 1 0
gitlab.ozon.dev/akugnerevich/homework.git/internal/service/mocks/order_storage_interface_mock.go:1280.43,1282.3 1 0
gitlab.ozon.dev/akugnerevich/homework.git/internal/service/mocks/order_storage_interface_mock.go:1284.2,1284.43 1 0
gitlab.ozon.dev/akugnerevich/homework.git/internal/service/mocks/order_storage_interface_mock.go:1284.43,1286.3 1 0
gitlab.ozon.dev/akugnerevich/homework.git/internal/service/mocks/order_storage_interface_mock.go:1287.2,1289.25 3 0
gitlab.ozon.dev/akugnerevich/homework.git/internal/service/mocks/order_storage_interface_mock.go:1293.115,1294.43 1 0
gitlab.ozon.dev/akugnerevich/homework.git/internal/service/mocks/order_storage_interface_mock.go:1294.43,1296.3 1 0
gitlab.ozon.dev/akugnerevich/homework.git/internal/service/mocks/order_storage_interface_mock.go:1298.2,1298.39 1 0
gitlab.ozon.dev/akugnerevich/homework.git/internal/service/mocks/order_storage_interface_mock.go:1298.39,1300.3 1 0
gitlab.ozon.dev/akugnerevich/homework.git/internal/service/mocks/order_storage_interface_mock.go:1302.2,1304.25 3 0
gitlab.ozon.dev/akugnerevich/homework.git/internal/service/mocks/order_storage_interface_mock.go:1309.118,1310.43 1 0
gitlab.ozon.dev/akugnerevich/homework.git/internal/service/mocks/order_storage_interface_mock.go:1310.43,1312.3 1 0
gitlab.ozon.dev/akugnerevich/homework.git/internal/service/mocks/order_storage_interface_mock.go:1314.2,1320.20 3 0
gitlab.ozon.dev/akugnerevich/homework.git/internal/service/mocks/order_storage_interface_mock.go:1324.98,1327.2 2 0
gitlab.ozon.dev/akugnerevich/homework.git/internal/service/mocks/order_storage_interface_mock.go:1330.110,1331.12 1 0
gitlab.ozon.dev/akugnerevich/homework.git/internal/service/mocks/order_storage_interface_mock.go:1331.12,1333.3 1 0
gitlab.ozon.dev/akugnerevich/homework.git/internal/service/mocks/order_storage_interface_mock.go:1334.2,1336.20 3 0
gitlab.ozon.dev/akugnerevich/homework.git/internal/service/mocks/order_storage_interface_mock.go:1339.80,1340.122 1 0
gitlab.ozon.dev/akugnerevich/homework.git/internal/service/mocks/order_storage_interface_mock.go:1340.122,1342.3 1 0
gitlab.ozon.dev/akugnerevich/homework.git/internal/service/mocks/order_storage_interface_mock.go:1344.2,1347.102 3 0
gitlab.ozon.dev/akugnerevich/homework.git/internal/service/mocks/order_storage_interface_mock.go:1351.76,1357.45 4 0
gitlab.ozon.dev/akugnerevich/homework.git/internal/service/mocks/order_storage_interface_mock.go:1357.45,1359.3 1 0
gitlab.ozon.dev/akugnerevich/homework.git/internal/service/mocks/order_storage_interface_mock.go:1361.2,1368.59 5 0
gitlab.ozon.dev/akugnerevich/homework.git/internal/service/mocks/order_storage_interface_mock.go:1368.59,1369.43 1 0
gitlab.ozon.dev/akugnerevich/homework.git/internal/service/mocks/order_storage_interface_mock.go:1369.43,1372.4 2 0
gitlab.ozon.dev/akugnerevich/homework.git/internal/service/mocks/order_storage_interface_mock.go:1375.2,1375.57 1 0
gitlab.ozon.dev/akugnerevich/homework.git/internal/service/mocks/order_storage_interface_mock.go:1375.57,1382.26 5 0
gitlab.ozon.dev/akugnerevich/homework.git/internal/service/mocks/order_storage_interface_mock.go:1382.26,1384.78 1 0
gitlab.ozon.dev/akugnerevich/homework.git/internal/service/mocks/order_storage_interface_mock.go:1384.78,1387.5 1 0
gitlab.ozon.dev/akugnerevich/homework.git/internal/service/mocks/order_storage_interface_mock.go:1389.9,1389.65 1 0
gitlab.ozon.dev/akugnerevich/homework.git/internal/service/mocks/order_storage_interface_mock.go:1389.65,1392.4 1 0
gitlab.ozon.dev/akugnerevich/homework.git/internal/service/mocks/order_storage_interface_mock.go:1394.3,1395.24 2 0
gitlab.ozon.dev/akugnerevich/homework.git/internal/service/mocks/order_storage_interface_mock.go:1395.24,1397.4 1 0
gitlab.ozon.dev/akugnerevich/homework.git/internal/service/mocks/order_storage_interface_mock.go:1398.3,1398.26 1 0
gitlab.ozon.dev/akugnerevich/homework.git/internal/service/mocks/order_storage_interface_mock.go:1400.2,1400.38 1 0
gitlab.ozon.dev/akugnerevich/homework.git/internal/service/mocks/order_storage_interface_mock.go:1400.38,1402.3 1 0
gitlab.ozon.dev/akugnerevich/homework.git/internal/service/mocks/order_storage_interface_mock.go:1403.2,1404.8 2 0
gitlab.ozon.dev/akugnerevich/homework.git/internal/service/mocks/order_storage_interface_mock.go:1408.78,1410.2 1 0
gitlab.ozon.dev/akugnerevich/homework.git/internal/service/mocks/order_storage_interface_mock.go:1413.79,1415.2 1 0
gitlab.ozon.dev/akugnerevich/homework.git/internal/service/mocks/order_storage_interface_mock.go:1419.109,1428.2 5 0
gitlab.ozon.dev/akugnerevich/homework.git/internal/service/mocks/order_storage_interface_mock.go:1432.66,1433.30 1 0
gitlab.ozon.dev/akugnerevich/homework.git/internal/service/mocks/order_storage_interface_mock.go:1433.30,1436.3 1 0
gitlab.ozon.dev/akugnerevich/homework.git/internal/service/mocks/order_storage_interface_mock.go:1438.2,1438.49 1 0
gitlab.ozon.dev/akugnerevich/homework.git/internal/service/mocks/order_storage_interface_mock.go:1438.49,1439.43 1 0
gitlab.ozon.dev/akugnerevich/homework.git/internal/service/mocks/order_storage_interface_mock.go:1439.43,1441.4 1 0
gitlab.ozon.dev/akugnerevich/homework.git/internal/service/mocks/order_storage_interface_mock.go:1444.2,1444.42 1 0
gitlab.ozon.dev/akugnerevich/homework.git/internal/service/mocks/order_storage_interface_mock.go:1448.64,1449.49 1 0
gitlab.ozon.dev/akugnerevich/homework.git/internal/service/mocks/order_storage_interface_mock.go:1449.49,1450.43 1 0
gitlab.ozon.dev/akugnerevich/homework.git/internal/service/mocks/order_storage_interface_mock.go:1450.43,1452.4 1 0
gitlab.ozon.dev/akugnerevich/homework.git/internal/service/mocks/order_storage_interface_mock.go:1455.2,1457.76 2 0
gitlab.ozon.dev/akugnerevich/homework.git/internal/service/mocks/order_storage_interface_mock.go:1457.76,1458.55 1 0
gitlab.ozon.dev/akugnerevich/homework.git/internal/service/mocks/order_storage_interface_mock.go:1458.55,1460.4 1 0
gitlab.ozon.dev/akugnerevich/homework.git/internal/service/mocks/order_storage_interface_mock.go:1460.9,1462.4 1 0
gitlab.ozon.dev/akugnerevich/homework.git/internal/service/mocks/order_storage_interface_mock.go:1465.2,1465.57 1 0
gitlab.ozon.dev/akugnerevich/homework.git/internal/service/mocks/order_storage_interface_mock.go:1465.57,1467.3 1 0
gitlab.ozon.dev/akugnerevich/homework.git/internal/service/mocks/order_storage_interface_mock.go:1469.2,1469.69 1 0
gitlab.ozon.dev/akugnerevich/homework.git/internal/service/mocks/order_storage_interface_mock.go:1469.69,1472.3 1 0
gitlab.ozon.dev/akugnerevich/homework.git/internal/service/mocks/order_storage_interface_mock.go:1504.114,1507.2 2 0
gitlab.ozon.dev/akugnerevich/homework.git/internal/service/mocks/order_storage_interface_mock.go:1510.112,1511.49 1 0
gitlab.ozon.dev/akugnerevich/homework.git/internal/service/mocks/order_storage_interface_mock.go:1511.49,1513.3 1 0
gitlab.ozon.dev/akugnerevich/homework.git/internal/service/mocks/order_storage_interface_mock.go:1515.2,1515.46 1 0
gitlab.ozon.dev/akugnerevich/homework.git/internal/service/mocks/order_storage_interface_mock.go:1515.46,1517.3 1 0
gitlab.ozon.dev/akugnerevich/homework.git/internal/service/mocks/order_storage_interface_mock.go:1519.2,1519.23 1 0
gitlab.ozon.dev/akugnerevich/homework.git/internal/service/mocks/order_storage_interface_mock.go:1523.121,1524.56 1 0
gitlab.ozon.dev/akugnerevich/homework.git/internal/service/mocks/order_storage_interface_mock.go:1524.56,1526.3 1 0
gitlab.ozon.dev/akugnerevich/homework.git/internal/service/mocks/order_storage_interface_mock.go:1528.2,1530.23 2 0
gitlab.ozon.dev/akugnerevich/homework.git/internal/service/mocks/order_storage_interface_mock.go:1534.108,1535.49 1 0
gitlab.ozon.dev/akugnerevich/homework.git/internal/service/mocks/order_storage_interface_mock.go:1535.49,1537.3 1 0
gitlab.ozon.dev/akugnerevich/homework.git/internal/service/mocks/order_storage_interface_mock.go:1539.2,1539.46 1 0
gitlab.ozon.dev/akugnerevich/homework.git/internal/service/mocks/order_storage_interface_mock.go:1539.46,1541.3 1 0
gitlab.ozon.dev/akugnerevich/homework.git/internal/service/mocks/order_storage_interface_mock.go:1542.2,1544.28 3 0
gitlab.ozon.dev/akugnerevich/homework.git/internal/service/mocks/order_storage_interface_mock.go:1548.116,1549.46 1 0
gitlab.ozon.dev/akugnerevich/homework.git/internal/service/mocks/order_storage_interface_mock.go:1549.46,1551.3 1 0
gitlab.ozon.dev/akugnerevich/homework.git/internal/service/mocks/order_storage_interface_mock.go:1553.2,1553.42 1 0
gitlab.ozon.dev/akugnerevich/homework.git/internal/service/mocks/order_storage_interface_mock.go:1553.42,1555.3 1 0
gitlab.ozon.dev/akugnerevich/homework.git/internal/service/mocks/order_storage_interface_mock.go:1557.2,1559.28 3 0
gitlab.ozon.dev/akugnerevich/homework.git/internal/service/mocks/order_storage_interface_mock.go:1563.119,1564.12 1 0
gitlab.ozon.dev/akugnerevich/homework.git/internal/service/mocks/order_storage_interface_mock.go:1564.12,1566.3 1 0
gitlab.ozon.dev/akugnerevich/homework.git/internal/service/mocks/order_storage_interface_mock.go:1567.2,1569.23 3 0
gitlab.ozon.dev/akugnerevich/homework.git/internal/service/mocks/order_storage_interface_mock.go:1572.86,1573.134 1 0
gitlab.ozon.dev/akugnerevich/homework.git/internal/service/mocks/order_storage_interface_mock.go:1573.134,1575.3 1 0
gitlab.ozon.dev/akugnerevich/homework.git/internal/service/mocks/order_storage_interface_mock.go:1577.2,1580.102 3 0
gitlab.ozon.dev/akugnerevich/homework.git/internal/service/mocks/order_storage_interface_mock.go:1584.77,1590.51 4 0
gitlab.ozon.dev/akugnerevich/homework.git/internal/service/mocks/order_storage_interface_mock.go:1590.51,1592.3 1 0
gitlab.ozon.dev/akugnerevich/homework.git/internal/service/mocks/order_storage_interface_mock.go:1594.2,1594.63 1 0
gitlab.ozon.dev/akugnerevich/homework.git/internal/service/mocks/order_storage_interface_mock.go:1594.63,1598.24 3 0
gitlab.ozon.dev/akugnerevich/homework.git/internal/service/mocks/order_storage_interface_mock.go:1598.24,1600.4 1 0
gitlab.ozon.dev/akugnerevich/homework.git/internal/service/mocks/order_storage_interface_mock.go:1601.3,1601.27 1 0
gitlab.ozon.dev/akugnerevich/homework.git/internal/service/mocks/order_storage_interface_mock.go:1603.2,1603.44 1 0
gitlab.ozon.dev/akugnerevich/homework.git/internal/service/mocks/order_storage_interface_mock.go:1603.44,1605.3 1 0
gitlab.ozon.dev/akugnerevich/homework.git/internal/service/mocks/order_storage_interface_mock.go:1606.2,1607.8 2 0
gitlab.ozon.dev/akugnerevich/homework.git/internal/service/mocks/order_storage_interface_mock.go:1611.84,1613.2 1 0
gitlab.ozon.dev/akugnerevich/homework.git/internal/service/mocks/order_storage_interface_mock.go:1616.85,1618.2 1 0
gitlab.ozon.dev/akugnerevich/homework.git/internal/service/mocks/order_storage_interface_mock.go:1622.69,1623.33 1 0
gitlab.ozon.dev/akugnerevich/homework.git/internal/service/mocks/order_storage_interface_mock.go:1623.33,1626.3 1 0
gitlab.ozon.dev/akugnerevich/homework.git/internal/service/mocks/order_storage_interface_mock.go:1628.2,1628.52 1 0
gitlab.ozon.dev/akugnerevich/homework.git/internal/service/mocks/order_storage_interface_mock.go:1628.52,1629.43 1 0
gitlab.ozon.dev/akugnerevich/homework.git/internal/service/mocks/order_storage_interface_mock.go:1629.43,1631.4 1 0
gitlab.ozon.dev/akugnerevich/homework.git/internal/service/mocks/order_storage_interface_mock.go:1634.2,1634.45 1 0
gitlab.ozon.dev/akugnerevich/homework.git/internal/service/mocks/order_storage_interface_mock.go:1638.67,1639.52 1 0
gitlab.ozon.dev/akugnerevich/homework.git/internal/service/mocks/order_storage_interface_mock.go:1639.52,1640.43 1 0
gitlab.ozon.dev/akugnerevich/homework.git/internal/service/mocks/order_storage_interface_mock.go:1640.43,1642.4 1 0
gitlab.ozon.dev/akugnerevich/homework.git/internal/service/mocks/order_storage_interface_mock.go:1645.2,1647.82 2 0
gitlab.ozon.dev/akugnerevich/homework.git/internal/service/mocks/order_storage_interface_mock.go:1647.82,1649.3 1 0
gitlab.ozon.dev/akugnerevich/homework.git/internal/service/mocks/order_storage_interface_mock.go:1651.2,1651.63 1 0
gitlab.ozon.dev/akugnerevich/homework.git/internal/service/mocks/order_storage_interface_mock.go:1651.63,1653.3 1 0
gitlab.ozon.dev/akugnerevich/homework.git/internal/service/mocks/order_storage_interface_mock.go:1655.2,1655.75 1 0
gitlab.ozon.dev/akugnerevich/homework.git/internal/service/mocks/order_storage_interface_mock.go:1655.75,1658.3 1 0
gitlab.ozon.dev/akugnerevich/homework.git/internal/service/mocks/order_storage_interface_mock.go:1690.111,1693.2 2 0
gitlab.ozon.dev/akugnerevich/homework.git/internal/service/mocks/order_storage_interface_mock.go:1696.109,1697.47 1 0
gitlab.ozon.dev/akugnerevich/homework.git/internal/service/mocks/order_storage_interface_mock.go:1697.47,1699.3 1 0
gitlab.ozon.dev/akugnerevich/homework.git/internal/service/mocks/order_storage_interface_mock.go:1701.2,1701.45 1 0
gitlab.ozon.dev/akugnerevich/homework.git/internal/service/mocks/order_storage_interface_mock.go:1701.45,1703.3 1 0
gitlab.ozon.dev/akugnerevich/homework.git/internal/service/mocks/order_storage_interface_mock.go:1705.2,1705.22 1 0
gitlab.ozon.dev/akugnerevich/homework.git/internal/service/mocks/order_storage_interface_mock.go:1709.118,1710.54 1 0
gitlab.ozon.dev/akugnerevich/homework.git/internal/service/mocks/order_storage_interface_mock.go:1710.54,1712.3 1 0
gitlab.ozon.dev/akugnerevich/homework.git/internal/service/mocks/order_storage_interface_mock.go:1714.2,1716.22 2 0
gitlab.ozon.dev/akugnerevich/homework.git/internal/service/mocks/order_storage_interface_mock.go:1720.106,1721.47 1 0
gitlab.ozon.dev/akugnerevich/homework.git/internal/service/mocks/order_storage_interface_mock.go:1721.47,1723.3 1 0
gitlab.ozon.dev/akugnerevich/homework.git/internal/service/mocks/order_storage_interface_mock.go:1725.2,1725.45 1 0
gitlab.ozon.dev/akugnerevich/homework.git/internal/service/mocks/order_storage_interface_mock.go:1725.45,1727.3 1 0
gitlab.ozon.dev/akugnerevich/homework.git/internal/service/mocks/order_storage_interface_mock.go:1728.2,1730.27 3 0
gitlab.ozon.dev/akugnerevich/homework.git/internal/service/mocks/order_storage_interface_mock.go:1734.114,1735.45 1 0
gitlab.ozon.dev/akugnerevich/homework.git/internal/service/mocks/order_storage_interface_mock.go:1735.45,1737.3 1 0
gitlab.ozon.dev/akugnerevich/homework.git/internal/service/mocks/order_storage_interface_mock.go:1739.2,1739.41 1 0
gitlab.ozon.dev/akugnerevich/homework.git/internal/service/mocks/order_storage_interface_mock.go:1739.41,1741.3 1 0
gitlab.ozon.dev/akugnerevich/homework.git/internal/service/mocks/order_storage_interface_mock.go:1743.2,1745.27 3 0
gitlab.ozon.dev/akugnerevich/homework.git/internal/service/mocks/order_storage_interface_mock.go:1749.116,1750.12 1 0
gitlab.ozon.dev/akugnerevich/homework.git/internal/service/mocks/order_storage_interface_mock.go:1750.12,1752.3 1 0
gitlab.ozon.dev/akugnerevich/homework.git/internal/service/mocks/order_storage_interface_mock.go:1753.2,1755.22 3 0
gitlab.ozon.dev/akugnerevich/homework.git/internal/service/mocks/order_storage_interface_mock.go:1758.84,1759.130 1 0
gitlab.ozon.dev/akugnerevich/homework.git/internal/service/mocks/order_storage_interface_mock.go:1759.130,1761.3 1 0
gitlab.ozon.dev/akugnerevich/homework.git/internal/service/mocks/order_storage_interface_mock.go:1763.2,1766.102 3 0
gitlab.ozon.dev/akugnerevich/homework.git/internal/service/mocks/order_storage_interface_mock.go:1770.75,1776.49 4 0
gitlab.ozon.dev/akugnerevich/homework.git/internal/service/mocks/order_storage_interface_mock.go:1776.49,1778.3 1 0
gitlab.ozon.dev/akugnerevich/homework.git/internal/service/mocks/order_storage_interface_mock.go:1780.2,1780.61 1 0
gitlab.ozon.dev/akugnerevich/homework.git/internal/service/mocks/order_storage_interface_mock.go:1780.61,1784.24 3 0
gitlab.ozon.dev/akugnerevich/homework.git/internal/service/mocks/order_storage_interface_mock.go:1784.24,1786.4 1 0
gitlab.ozon.dev/akugnerevich/homework.git/internal/service/mocks/order_storage_interface_mock.go:1787.3,1787.27 1 0
gitlab.ozon.dev/akugnerevich/homework.git/internal/service/mocks/order_storage_interface_mock.go:1789.2,1789.42 1 0
gitlab.ozon.dev/akugnerevich/homework.git/internal/service/mocks/order_storage_interface_mock.go:1789.42,1791.3 1 0
gitlab.ozon.dev/akugnerevich/homework.git/internal/service/mocks/order_storage_interface_mock.go:1792.2,1793.8 2 0
gitlab.ozon.dev/akugnerevich/homework.git/internal/service/mocks/order_storage_interface_mock.go:1797.82,1799.2 1 0
gitlab.ozon.dev/akugnerevich/homework.git/internal/service/mocks/order_storage_interface_mock.go:1802.83,1804.2 1 0
gitlab.ozon.dev/akugnerevich/homework.git/internal/service/mocks/order_storage_interface_mock.go:1808.68,1809.32 1 0
gitlab.ozon.dev/akugnerevich/homework.git/internal/service/mocks/order_storage_interface_mock.go:1809.32,1812.3 1 0
gitlab.ozon.dev/akugnerevich/homework.git/internal/service/mocks/order_storage_interface_mock.go:1814.2,1814.51 1 0
gitlab.ozon.dev/akugnerevich/homework.git/internal/service/mocks/order_storage_interface_mock.go:1814.51,1815.43 1 0
gitlab.ozon.dev/akugnerevich/homework.git/internal/service/mocks/order_storage_interface_mock.go:1815.43,1817.4 1 0
gitlab.ozon.dev/akugnerevich/homework.git/internal/service/mocks/order_storage_interface_mock.go:1820.2,1820.44 1 0
gitlab.ozon.dev/akugnerevich/homework.git/internal/service/mocks/order_storage_interface_mock.go:1824.66,1825.51 1 0
gitlab.ozon.dev/akugnerevich/homework.git/internal/service/mocks/order_storage_interface_mock.go:1825.51,1826.43 1 0
gitlab.ozon.dev/akugnerevich/homework.git/internal/service/mocks/order_storage_interface_mock.go:1826.43,1828.4 1 0
gitlab.ozon.dev/akugnerevich/homework.git/internal/service/mocks/order_storage_interface_mock.go:1831.2,1833.80 2 0
gitlab.ozon.dev/akugnerevich/homework.git/internal/service/mocks/order_storage_interface_mock.go:1833.80,1835.3 1 0
gitlab.ozon.dev/akugnerevich/homework.git/internal/service/mocks/order_storage_interface_mock.go:1837.2,1837.61 1 0
gitlab.ozon.dev/akugnerevich/homework.git/internal/service/mocks/order_storage_interface_mock.go:1837.61,1839.3 1 0
gitlab.ozon.dev/akugnerevich/homework.git/internal/service/mocks/order_storage_interface_mock.go:1841.2,1841.73 1 0
gitlab.ozon.dev/akugnerevich/homework.git/internal/service/mocks/order_storage_interface_mock.go:1841.73,1844.3 1 0
gitlab.ozon.dev/akugnerevich/homework.git/internal/service/mocks/order_storage_interface_mock.go:1848.54,1849.25 1 0
gitlab.ozon.dev/akugnerevich/homework.git/internal/service/mocks/order_storage_interface_mock.go:1849.25,1850.24 1 0
gitlab.ozon.dev/akugnerevich/homework.git/internal/service/mocks/order_storage_interface_mock.go:1850.24,1864.4 7 0
gitlab.ozon.dev/akugnerevich/homework.git/internal/service/mocks/order_storage_interface_mock.go:1869.76,1871.6 2 0
gitlab.ozon.dev/akugnerevich/homework.git/internal/service/mocks/order_storage_interface_mock.go:1871.6,1872.23 1 0
gitlab.ozon.dev/akugnerevich/homework.git/internal/service/mocks/order_storage_interface_mock.go:1872.23,1874.4 1 0
gitlab.ozon.dev/akugnerevich/homework.git/internal/service/mocks/order_storage_interface_mock.go:1875.3,1875.10 1 0
gitlab.ozon.dev/akugnerevich/homework.git/internal/service/mocks/order_storage_interface_mock.go:1876.20,1878.10 2 0
gitlab.ozon.dev/akugnerevich/homework.git/internal/service/mocks/order_storage_interface_mock.go:1879.50,1879.50 0 0
gitlab.ozon.dev/akugnerevich/homework.git/internal/service/mocks/order_storage_interface_mock.go:1884.57,1894.2 2 0
gitlab.ozon.dev/akugnerevich/homework.git/internal/service/mocks/return_storage_interface_mock.go:72.83,75.55 2 0
gitlab.ozon.dev/akugnerevich/homework.git/internal/service/mocks/return_storage_interface_mock.go:75.55,77.3 1 0
gitlab.ozon.dev/akugnerevich/homework.git/internal/service/mocks/return_storage_interface_mock.go:79.2,99.10 13 0
gitlab.ozon.dev/akugnerevich/homework.git/internal/service/mocks/return_storage_interface_mock.go:152.134,155.2 2 0
gitlab.ozon.dev/akugnerevich/homework.git/internal/service/mocks/return_storage_interface_mock.go:158.148,159.61 1 0
gitlab.ozon.dev/akugnerevich/homework.git/internal/service/mocks/return_storage_interface_mock.go:159.61,161.3 1 0
gitlab.ozon.dev/akugnerevich/homework.git/internal/service/mocks/return_storage_interface_mock.go:163.2,163.52 1 0
gitlab.ozon.dev/akugnerevich/homework.git/internal/service/mocks/return_storage_interface_mock.go:163.52,165.3 1 0
gitlab.ozon.dev/akugnerevich/homework.git/internal/service/mocks/return_storage_interface_mock.go:167.2,167.62 1 0
gitlab.ozon.dev/akugnerevich/homework.git/internal/service/mocks/return_storage_interface_mock.go:167.62,169.3 1 0
gitlab.ozon.dev/akugnerevich/homework.git/internal/service/mocks/return_storage_interface_mock.go:171.2,173.54 3 0
gitlab.ozon.dev/akugnerevich/homework.git/internal/service/mocks/return_storage_interface_mock.go:173.54,174.79 1 0
gitlab.ozon.dev/akugnerevich/homework.git/internal/service/mocks/return_storage_interface_mock.go:174.79,176.4 1 0
gitlab.ozon.dev/akugnerevich/homework.git/internal/service/mocks/return_storage_interface_mock.go:179.2,179.29 1 0
gitlab.ozon.dev/akugnerevich/homework.git/internal/service/mocks/return_storage_interface_mock.go:183.155,184.61 1 0
gitlab.ozon.dev/akugnerevich/homework.git/internal/service/mocks/return_storage_interface_mock.go:184.61,186.3 1 0
gitlab.ozon.dev/akugnerevich/homework.git/internal/service/mocks/return_storage_interface_mock.go:188.2,188.52 1 0
gitlab.ozon.dev/akugnerevich/homework.git/internal/service/mocks/return_storage_interface_mock.go:188.52,190.3 1 0
gitlab.ozon.dev/akugnerevich/homework.git/internal/service/mocks/return_storage_interface_mock.go:192.2,192.59 1 0
gitlab.ozon.dev/akugnerevich/homework.git/internal/service/mocks/return_storage_interface_mock.go:192.59,194.3 1 0
gitlab.ozon.dev/akugnerevich/homework.git/internal/service/mocks/return_storage_interface_mock.go:196.2,196.62 1 0
gitlab.ozon.dev/akugnerevich/homework.git/internal/service/mocks/return_storage_interface_mock.go:196.62,198.3 1 0
gitlab.ozon.dev/akugnerevich/homework.git/internal/service/mocks/return_storage_interface_mock.go:199.2,202.29 3 0
gitlab.ozon.dev/akugnerevich/homework.git/internal/service/mocks/return_storage_interface_mock.go:206.157,207.68 1 0
gitlab.ozon.dev/akugnerevich/homework.git/internal/service/mocks/return_storage_interface_mock.go:207.68,209.3 1 0
gitlab.ozon.dev/akugnerevich/homework.git/internal/service/mocks/return_storage_interface_mock.go:211.2,213.29 2 0
gitlab.ozon.dev/akugnerevich/homework.git/internal/service/mocks/return_storage_interface_mock.go:217.122,218.61 1 0
gitlab.ozon.dev/akugnerevich/homework.git/internal/service/mocks/return_storage_interface_mock.go:218.61,220.3 1 0
gitlab.ozon.dev/akugnerevich/homework.git/internal/service/mocks/return_storage_interface_mock.go:222.2,222.52 1 0
gitlab.ozon.dev/akugnerevich/homework.git/internal/service/mocks/return_storage_interface_mock.go:222.52,224.3 1 0
gitlab.ozon.dev/akugnerevich/homework.git/internal/service/mocks/return_storage_interface_mock.go:225.2,227.34 3 0
gitlab.ozon.dev/akugnerevich/homework.git/internal/service/mocks/return_storage_interface_mock.go:231.146,232.52 1 0
gitlab.ozon.dev/akugnerevich/homework.git/internal/service/mocks/return_storage_interface_mock.go:232.52,234.3 1 0
gitlab.ozon.dev/akugnerevich/homework.git/internal/service/mocks/return_storage_interface_mock.go:236.2,236.48 1 0
gitlab.ozon.dev/akugnerevich/homework.git/internal/service/mocks/return_storage_interface_mock.go:236.48,238.3 1 0
gitlab.ozon.dev/akugnerevich/homework.git/internal/service/mocks/return_storage_interface_mock.go:240.2,242.34 3 0
gitlab.ozon.dev/akugnerevich/homework.git/internal/service/mocks/return_storage_interface_mock.go:247.156,248.61 1 0
gitlab.ozon.dev/akugnerevich/homework.git/internal/service/mocks/return_storage_interface_mock.go:248.61,250.3 1 0
gitlab.ozon.dev/akugnerevich/homework.git/internal/service/mocks/return_storage_interface_mock.go:252.2,258.20 3 0
gitlab.ozon.dev/akugnerevich/homework.git/internal/service/mocks/return_storage_interface_mock.go:262.111,265.2 2 0
gitlab.ozon.dev/akugnerevich/homework.git/internal/service/mocks/return_storage_interface_mock.go:268.139,269.12 1 0
gitlab.ozon.dev/akugnerevich/homework.git/internal/service/mocks/return_storage_interface_mock.go:269.12,271.3 1 0
gitlab.ozon.dev/akugnerevich/homework.git/internal/service/mocks/return_storage_interface_mock.go:272.2,274.29 3 0
gitlab.ozon.dev/akugnerevich/homework.git/internal/service/mocks/return_storage_interface_mock.go:277.99,278.158 1 0
gitlab.ozon.dev/akugnerevich/homework.git/internal/service/mocks/return_storage_interface_mock.go:278.158,280.3 1 0
gitlab.ozon.dev/akugnerevich/homework.git/internal/service/mocks/return_storage_interface_mock.go:282.2,285.102 3 0
gitlab.ozon.dev/akugnerevich/homework.git/internal/service/mocks/return_storage_interface_mock.go:289.106,295.63 4 0
gitlab.ozon.dev/akugnerevich/homework.git/internal/service/mocks/return_storage_interface_mock.go:295.63,297.3 1 0
gitlab.ozon.dev/akugnerevich/homework.git/internal/service/mocks/return_storage_interface_mock.go:299.2,306.77 5 0
gitlab.ozon.dev/akugnerevich/homework.git/internal/service/mocks/return_storage_interface_mock.go:306.77,307.43 1 0
gitlab.ozon.dev/akugnerevich/homework.git/internal/service/mocks/return_storage_interface_mock.go:307.43,310.4 2 0
gitlab.ozon.dev/akugnerevich/homework.git/internal/service/mocks/return_storage_interface_mock.go:313.2,313.75 1 0
gitlab.ozon.dev/akugnerevich/homework.git/internal/service/mocks/return_storage_interface_mock.go:313.75,320.26 5 0
gitlab.ozon.dev/akugnerevich/homework.git/internal/service/mocks/return_storage_interface_mock.go:320.26,322.75 1 0
gitlab.ozon.dev/akugnerevich/homework.git/internal/service/mocks/return_storage_interface_mock.go:322.75,325.5 1 0
gitlab.ozon.dev/akugnerevich/homework.git/internal/service/mocks/return_storage_interface_mock.go:327.9,327.65 1 0
gitlab.ozon.dev/akugnerevich/homework.git/internal/service/mocks/return_storage_interface_mock.go:327.65,330.4 1 0
gitlab.ozon.dev/akugnerevich/homework.git/internal/service/mocks/return_storage_interface_mock.go:332.3,333.24 2 0
gitlab.ozon.dev/akugnerevich/homework.git/internal/service/mocks/return_storage_interface_mock.go:333.24,335.4 1 0
gitlab.ozon.dev/akugnerevich/homework.git/internal/service/mocks/return_storage_interface_mock.go:336.3,336.27 1 0
gitlab.ozon.dev/akugnerevich/homework.git/internal/service/mocks/return_storage_interface_mock.go:338.2,338.56 1 0
gitlab.ozon.dev/akugnerevich/homework.git/internal/service/mocks/return_storage_interface_mock.go:338.56,340.3 1 0
gitlab.ozon.dev/akugnerevich/homework.git/internal/service/mocks/return_storage_interface_mock.go:341.2,342.8 2 0
gitlab.ozon.dev/akugnerevich/homework.git/internal/service/mocks/return_storage_interface_mock.go:346.97,348.2 1 0
gitlab.ozon.dev/akugnerevich/homework.git/internal/service/mocks/return_storage_interface_mock.go:351.98,353.2 1 0
gitlab.ozon.dev/akugnerevich/homework.git/internal/service/mocks/return_storage_interface_mock.go:357.138,366.2 5 0
gitlab.ozon.dev/akugnerevich/homework.git/internal/service/mocks/return_storage_interface_mock.go:370.76,371.39 1 0
gitlab.ozon.dev/akugnerevich/homework.git/internal/service/mocks/return_storage_interface_mock.go:371.39,374.3 1 0
gitlab.ozon.dev/akugnerevich/homework.git/internal/service/mocks/return_storage_interface_mock.go:376.2,376.58 1 0
gitlab.ozon.dev/akugnerevich/homework.git/internal/service/mocks/return_storage_interface_mock.go:376.58,377.43 1 0
gitlab.ozon.dev/akugnerevich/homework.git/internal/service/mocks/return_storage_interface_mock.go:377.43,379.4 1 0
gitlab.ozon.dev/akugnerevich/homework.git/internal/service/mocks/return_storage_interface_mock.go:382.2,382.51 1 0
gitlab.ozon.dev/akugnerevich/homework.git/internal/service/mocks/return_storage_interface_mock.go:386.74,387.58 1 0
gitlab.ozon.dev/akugnerevich/homework.git/internal/service/mocks/return_storage_interface_mock.go:387.58,388.43 1 0
gitlab.ozon.dev/akugnerevich/homework.git/internal/service/mocks/return_storage_interface_mock.go:388.43,390.4 1 0
gitlab.ozon.dev/akugnerevich/homework.git/internal/service/mocks/return_storage_interface_mock.go:393.2,395.94 2 0
gitlab.ozon.dev/akugnerevich/homework.git/internal/service/mocks/return_storage_interface_mock.go:395.94,396.64 1 0
gitlab.ozon.dev/akugnerevich/homework.git/internal/service/mocks/return_storage_interface_mock.go:396.64,398.4 1 0
gitlab.ozon.dev/akugnerevich/homework.git/internal/service/mocks/return_storage_interface_mock.go:398.9,400.4 1 0
gitlab.ozon.dev/akugnerevich/homework.git/internal/service/mocks/return_storage_interface_mock.go:403.2,403.75 1 0
gitlab.ozon.dev/akugnerevich/homework.git/internal/service/mocks/return_storage_interface_mock.go:403.75,405.3 1 0
gitlab.ozon.dev/akugnerevich/homework.git/internal/service/mocks/return_storage_interface_mock.go:407.2,407.87 1 0
gitlab.ozon.dev/akugnerevich/homework.git/internal/service/mocks/return_storage_interface_mock.go:407.87,410.3 1 0
gitlab.ozon.dev/akugnerevich/homework.git/internal/service/mocks/return_storage_interface_mock.go:458.149,461.2 2 0
gitlab.ozon.dev/akugnerevich/homework.git/internal/service/mocks/return_storage_interface_mock.go:464.154,465.71 1 0
gitlab.ozon.dev/akugnerevich/homework.git/internal/service/mocks/return_storage_interface_mock.go:465.71,467.3 1 0
gitlab.ozon.dev/akugnerevich/homework.git/internal/service/mocks/return_storage_interface_mock.go:469.2,469.57 1 0
gitlab.ozon.dev/akugnerevich/homework.git/internal/service/mocks/return_storage_interface_mock.go:469.57,471.3 1 0
gitlab.ozon.dev/akugnerevich/homework.git/internal/service/mocks/return_storage_interface_mock.go:473.2,473.67 1 0
gitlab.ozon.dev/akugnerevich/homework.git/internal/service/mocks/return_storage_interface_mock.go:473.67,475.3 1 0
gitlab.ozon.dev/akugnerevich/homework.git/internal/service/mocks/return_storage_interface_mock.go:477.2,479.59 3 0
gitlab.ozon.dev/akugnerevich/homework.git/internal/service/mocks/return_storage_interface_mock.go:479.59,480.84 1 0
gitlab.ozon.dev/akugnerevich/homework.git/internal/service/mocks/return_storage_interface_mock.go:480.84,482.4 1 0
gitlab.ozon.dev/akugnerevich/homework.git/internal/service/mocks/return_storage_interface_mock.go:485.2,485.34 1 0
gitlab.ozon.dev/akugnerevich/homework.git/internal/service/mocks/return_storage_interface_mock.go:489.162,490.71 1 0
gitlab.ozon.dev/akugnerevich/homework.git/internal/service/mocks/return_storage_interface_mock.go:490.71,492.3 1 0
gitlab.ozon.dev/akugnerevich/homework.git/internal/service/mocks/return_storage_interface_mock.go:494.2,494.57 1 0
gitlab.ozon.dev/akugnerevich/homework.git/internal/service/mocks/return_storage_interface_mock.go:494.57,496.3 1 0
gitlab.ozon.dev/akugnerevich/homework.git/internal/service/mocks/return_storage_interface_mock.go:498.2,498.64 1 0
gitlab.ozon.dev/akugnerevich/homework.git/internal/service/mocks/return_storage_interface_mock.go:498.64,500.3 1 0
gitlab.ozon.dev/akugnerevich/homework.git/internal/service/mocks/return_storage_interface_mock.go:502.2,502.67 1 0
gitlab.ozon.dev/akugnerevich/homework.git/internal/service/mocks/return_storage_interface_mock.go:502.67,504.3 1 0
gitlab.ozon.dev/akugnerevich/homework.git/internal/service/mocks/return_storage_interface_mock.go:505.2,508.34 3 0
gitlab.ozon.dev/akugnerevich/homework.git/internal/service/mocks/return_storage_interface_mock.go:512.163,513.78 1 0
gitlab.ozon.dev/akugnerevich/homework.git/internal/service/mocks/return_storage_interface_mock.go:513.78,515.3 1 0
gitlab.ozon.dev/akugnerevich/homework.git/internal/service/mocks/return_storage_interface_mock.go:517.2,519.34 2 0
gitlab.ozon.dev/akugnerevich/homework.git/internal/service/mocks/return_storage_interface_mock.go:523.123,524.71 1 0
gitlab.ozon.dev/akugnerevich/homework.git/internal/service/mocks/return_storage_interface_mock.go:524.71,526.3 1 0
gitlab.ozon.dev/akugnerevich/homework.git/internal/service/mocks/return_storage_interface_mock.go:528.2,528.57 1 0
gitlab.ozon.dev/akugnerevich/homework.git/internal/service/mocks/return_storage_interface_mock.go:528.57,530.3 1 0
gitlab.ozon.dev/akugnerevich/homework.git/internal/service/mocks/return_storage_interface_mock.go:532.2,533.39 2 0
gitlab.ozon.dev/akugnerevich/homework.git/internal/service/mocks/return_storage_interface_mock.go:537.135,538.57 1 0
gitlab.ozon.dev/akugnerevich/homework.git/internal/service/mocks/return_storage_interface_mock.go:538.57,540.3 1 0
gitlab.ozon.dev/akugnerevich/homework.git/internal/service/mocks/return_storage_interface_mock.go:542.2,542.53 1 0
gitlab.ozon.dev/akugnerevich/homework.git/internal/service/mocks/return_storage_interface_mock.go:542.53,544.3 1 0
gitlab.ozon.dev/akugnerevich/homework.git/internal/service/mocks/return_storage_interface_mock.go:546.2,548.39 3 0
gitlab.ozon.dev/akugnerevich/homework.git/internal/service/mocks/return_storage_interface_mock.go:552.154,553.12 1 0
gitlab.ozon.dev/akugnerevich/homework.git/internal/service/mocks/return_storage_interface_mock.go:553.12,555.3 1 0
gitlab.ozon.dev/akugnerevich/homework.git/internal/service/mocks/return_storage_interface_mock.go:556.2,558.34 3 0
gitlab.ozon.dev/akugnerevich/homework.git/internal/service/mocks/return_storage_interface_mock.go:561.109,562.178 1 0
gitlab.ozon.dev/akugnerevich/homework.git/internal/service/mocks/return_storage_interface_mock.go:562.178,564.3 1 0
gitlab.ozon.dev/akugnerevich/homework.git/internal/service/mocks/return_storage_interface_mock.go:566.2,569.102 3 0
gitlab.ozon.dev/akugnerevich/homework.git/internal/service/mocks/return_storage_interface_mock.go:573.95,579.73 4 0
gitlab.ozon.dev/akugnerevich/homework.git/internal/service/mocks/return_storage_interface_mock.go:579.73,581.3 1 0
gitlab.ozon.dev/akugnerevich/homework.git/internal/service/mocks/return_storage_interface_mock.go:583.2,590.87 5 0
gitlab.ozon.dev/akugnerevich/homework.git/internal/service/mocks/return_storage_interface_mock.go:590.87,591.43 1 0
gitlab.ozon.dev/akugnerevich/homework.git/internal/service/mocks/return_storage_interface_mock.go:591.43,594.4 2 0
gitlab.ozon.dev/akugnerevich/homework.git/internal/service/mocks/return_storage_interface_mock.go:597.2,597.85 1 0
gitlab.ozon.dev/akugnerevich/homework.git/internal/service/mocks/return_storage_interface_mock.go:597.85,604.26 5 0
gitlab.ozon.dev/akugnerevich/homework.git/internal/service/mocks/return_storage_interface_mock.go:604.26,606.78 1 0
gitlab.ozon.dev/akugnerevich/homework.git/internal/service/mocks/return_storage_interface_mock.go:606.78,609.5 1 0
gitlab.ozon.dev/akugnerevich/homework.git/internal/service/mocks/return_storage_interface_mock.go:611.9,611.65 1 0
gitlab.ozon.dev/akugnerevich/homework.git/internal/service/mocks/return_storage_interface_mock.go:611.65,614.4 1 0
gitlab.ozon.dev/akugnerevich/homework.git/internal/service/mocks/return_storage_interface_mock.go:616.3,616.9 1 0
gitlab.ozon.dev/akugnerevich/homework.git/internal/service/mocks/return_storage_interface_mock.go:619.2,619.66 1 0
gitlab.ozon.dev/akugnerevich/homework.git/internal/service/mocks/return_storage_interface_mock.go:619.66,622.3 2 0
gitlab.ozon.dev/akugnerevich/homework.git/internal/service/mocks/return_storage_interface_mock.go:623.2,623.117 1 0
gitlab.ozon.dev/akugnerevich/homework.git/internal/service/mocks/return_storage_interface_mock.go:628.107,630.2 1 0
gitlab.ozon.dev/akugnerevich/homework.git/internal/service/mocks/return_storage_interface_mock.go:633.108,635.2 1 0
gitlab.ozon.dev/akugnerevich/homework.git/internal/service/mocks/return_storage_interface_mock.go:639.153,648.2 5 0
gitlab.ozon.dev/akugnerevich/homework.git/internal/service/mocks/return_storage_interface_mock.go:652.81,653.44 1 0
gitlab.ozon.dev/akugnerevich/homework.git/internal/service/mocks/return_storage_interface_mock.go:653.44,656.3 1 0
gitlab.ozon.dev/akugnerevich/homework.git/internal/service/mocks/return_storage_interface_mock.go:658.2,658.63 1 0
gitlab.ozon.dev/akugnerevich/homework.git/internal/service/mocks/return_storage_interface_mock.go:658.63,659.43 1 0
gitlab.ozon.dev/akugnerevich/homework.git/internal/service/mocks/return_storage_interface_mock.go:659.43,661.4 1 0
gitlab.ozon.dev/akugnerevich/homework.git/internal/service/mocks/return_storage_interface_mock.go:664.2,664.56 1 0
gitlab.ozon.dev/akugnerevich/homework.git/internal/service/mocks/return_storage_interface_mock.go:668.79,669.63 1 0
gitlab.ozon.dev/akugnerevich/homework.git/internal/service/mocks/return_storage_interface_mock.go:669.63,670.43 1 0
gitlab.ozon.dev/akugnerevich/homework.git/internal/service/mocks/return_storage_interface_mock.go:670.43,672.4 1 0
gitlab.ozon.dev/akugnerevich/homework.git/internal/service/mocks/return_storage_interface_mock.go:675.2,677.104 2 0
gitlab.ozon.dev/akugnerevich/homework.git/internal/service/mocks/return_storage_interface_mock.go:677.104,678.69 1 0
gitlab.ozon.dev/akugnerevich/homework.git/internal/service/mocks/return_storage_interface_mock.go:678.69,680.4 1 0
gitlab.ozon.dev/akugnerevich/homework.git/internal/service/mocks/return_storage_interface_mock.go:680.9,682.4 1 0
gitlab.ozon.dev/akugnerevich/homework.git/internal/service/mocks/return_storage_interface_mock.go:685.2,685.85 1 0
gitlab.ozon.dev/akugnerevich/homework.git/internal/service/mocks/return_storage_interface_mock.go:685.85,687.3 1 0
gitlab.ozon.dev/akugnerevich/homework.git/internal/service/mocks/return_storage_interface_mock.go:689.2,689.97 1 0
gitlab.ozon.dev/akugnerevich/homework.git/internal/service/mocks/return_storage_interface_mock.go:689.97,692.3 1 0
gitlab.ozon.dev/akugnerevich/homework.git/internal/service/mocks/return_storage_interface_mock.go:746.107,749.2 2 0
gitlab.ozon.dev/akugnerevich/homework.git/internal/service/mocks/return_storage_interface_mock.go:752.112,753.43 1 0
gitlab.ozon.dev/akugnerevich/homework.git/internal/service/mocks/return_storage_interface_mock.go:753.43,755.3 1 0
gitlab.ozon.dev/akugnerevich/homework.git/internal/service/mocks/return_storage_interface_mock.go:757.2,757.43 1 0
gitlab.ozon.dev/akugnerevich/homework.git/internal/service/mocks/return_storage_interface_mock.go:757.43,759.3 1 0
gitlab.ozon.dev/akugnerevich/homework.git/internal/service/mocks/return_storage_interface_mock.go:761.2,761.53 1 0
gitlab.ozon.dev/akugnerevich/homework.git/internal/service/mocks/return_storage_interface_mock.go:761.53,763.3 1 0
gitlab.ozon.dev/akugnerevich/homework.git/internal/service/mocks/return_storage_interface_mock.go:765.2,767.45 3 0
[...]
gitlab.ozon.dev/akugnerevich/homework.git/internal/service/mocks/return_storage_interface_mock.go:1623.63,1627.24 3 0
gitlab.ozon.dev/akugnerevich/homework.git/internal/service/mocks/return_storage_interface_mock.go:1627.24,1629.4 1 0
gitlab.ozon.dev/akugnerevich/homework.git/internal/service/mocks/return_storage_interface_mock.go:1630.3,1630.27 1 0
gitlab.ozon.dev/akugnerevich/homework.git/internal/service/mocks/return_storage_interface_mock.go:1632.2,1632.44 1 0
gitlab.ozon.dev/akugnerevich/homework.git/internal/service/mocks/return_storage_interface_mock.go:1632.44,1634.3 1 0
gitlab.ozon.dev/akugnerevich/homework.git/internal/service/mocks/return_storage_interface_mock.go:1635.2,1636.8 2 0
gitlab.ozon.dev/akugnerevich/homework.git/internal/service/mocks/return_storage_interface_mock.go:1640.85,1642.2 1 0
gitlab.ozon.dev/akugnerevich/homework.git/internal/service/mocks/return_storage_interface_mock.go:1645.86,1647.2 1 0
gitlab.ozon.dev/akugnerevich/homework.git/internal/service/mocks/return_storage_interface_mock.go:1651.70,1652.33 1 0
gitlab.ozon.dev/akugnerevich/homework.git/internal/service/mocks/return_storage_interface_mock.go:1652.33,1655.3 1 0
gitlab.ozon.dev/akugnerevich/homework.git/internal/service/mocks/return_storage_interface_mock.go:1657.2,1657.52 1 0
gitlab.ozon.dev/akugnerevich/homework.git/internal/service/mocks/return_storage_interface_mock.go:1657.52,1658.43 1 0
gitlab.ozon.dev/akugnerevich/homework.git/internal/service/mocks/return_storage_interface_mock.go:1658.43,1660.4 1 0
gitlab.ozon.dev/akugnerevich/homework.git/internal/service/mocks/return_storage_interface_mock.go:1663.2,1663.45 1 0
gitlab.ozon.dev/akugnerevich/homework.git/internal/service/mocks/return_storage_interface_mock.go:1667.68,1668.52 1 0
gitlab.ozon.dev/akugnerevich/homework.git/internal/service/mocks/return_storage_interface_mock.go:1668.52,1669.43 1 0
gitlab.ozon.dev/akugnerevich/homework.git/internal/service/mocks/return_storage_interface_mock.go:1669.43,1671.4 1 0
gitlab.ozon.dev/akugnerevich/homework.git/internal/service/mocks/return_storage_interface_mock.go:1674.2,1676.82 2 0
gitlab.ozon.dev/akugnerevich/homework.git/internal/service/mocks/return_storage_interface_mock.go:1676.82,1678.3 1 0
gitlab.ozon.dev/akugnerevich/homework.git/internal/service/mocks/return_storage_interface_mock.go:1680.2,1680.63 1 0
gitlab.ozon.dev/akugnerevich/homework.git/internal/service/mocks/return_storage_interface_mock.go:1680.63,1682.3 1 0
gitlab.ozon.dev/akugnerevich/homework.git/internal/service/mocks/return_storage_interface_mock.go:1684.2,1684.75 1 0
gitlab.ozon.dev/akugnerevich/homework.git/internal/service/mocks/return_storage_interface_mock.go:1684.75,1687.3 1 0
gitlab.ozon.dev/akugnerevich/homework.git/internal/service/mocks/return_storage_interface_mock.go:1719.113,1722.2 2 0
gitlab.ozon.dev/akugnerevich/homework.git/internal/service/mocks/return_storage_interface_mock.go:1725.111,1726.47 1 0
gitlab.ozon.dev/akugnerevich/homework.git/internal/service/mocks/return_storage_interface_mock.go:1726.47,1728.3 1 0
gitlab.ozon.dev/akugnerevich/homework.git/internal/service/mocks/return_storage_interface_mock.go:1730.2,1730.45 1 0
gitlab.ozon.dev/akugnerevich/homework.git/internal/service/mocks/return_storage_interface_mock.go:1730.45,1732.3 1 0
gitlab.ozon.dev/akugnerevich/homework.git/internal/service/mocks/return_storage_interface_mock.go:1734.2,1734.22 1 0
gitlab.ozon.dev/akugnerevich/homework.git/internal/service/mocks/return_storage_interface_mock.go:1738.120,1739.54 1 0
gitlab.ozon.dev/akugnerevich/homework.git/internal/service/mocks/return_storage_interface_mock.go:1739.54,1741.3 1 0
gitlab.ozon.dev/akugnerevich/homework.git/internal/service/mocks/return_storage_interface_mock.go:1743.2,1745.22 2 0
gitlab.ozon.dev/akugnerevich/homework.git/internal/service/mocks/return_storage_interface_mock.go:1749.108,1750.47 1 0
gitlab.ozon.dev/akugnerevich/homework.git/internal/service/mocks/return_storage_interface_mock.go:1750.47,1752.3 1 0
gitlab.ozon.dev/akugnerevich/homework.git/internal/service/mocks/return_storage_interface_mock.go:1754.2,1754.45 1 0
gitlab.ozon.dev/akugnerevich/homework.git/internal/service/mocks/return_storage_interface_mock.go:1754.45,1756.3 1 0
gitlab.ozon.dev/akugnerevich/homework.git/internal/service/mocks/return_storage_interface_mock.go:1757.2,1759.27 3 0
gitlab.ozon.dev/akugnerevich/homework.git/internal/service/mocks/return_storage_interface_mock.go:1763.116,1764.45 1 0
gitlab.ozon.dev/akugnerevich/homework.git/internal/service/mocks/return_storage_interface_mock.go:1764.45,1766.3 1 0
gitlab.ozon.dev/akugnerevich/homework.git/internal/service/mocks/return_storage_interface_mock.go:1768.2,1768.41 1 0
gitlab.ozon.dev/akugnerevich/homework.git/internal/service/mocks/return_storage_interface_mock.go:1768.41,1770.3 1 0
gitlab.ozon.dev/akugnerevich/homework.git/internal/service/mocks/return_storage_interface_mock.go:1772.2,1774.27 3 0
gitlab.ozon.dev/akugnerevich/homework.git/internal/service/mocks/return_storage_interface_mock.go:1778.118,1779.12 1 0
gitlab.ozon.dev/akugnerevich/homework.git/internal/service/mocks/return_storage_interface_mock.go:1779.12,1781.3 1 0
gitlab.ozon.dev/akugnerevich/homework.git/internal/service/mocks/return_storage_interface_mock.go:1782.2,1784.22 3 0
gitlab.ozon.dev/akugnerevich/homework.git/internal/service/mocks/return_storage_interface_mock.go:1787.85,1788.130 1 0
gitlab.ozon.dev/akugnerevich/homework.git/internal/service/mocks/return_storage_interface_mock.go:1788.130,1790.3 1 0
gitlab.ozon.dev/akugnerevich/homework.git/internal/service/mocks/return_storage_interface_mock.go:1792.2,1795.102 3 0
gitlab.ozon.dev/akugnerevich/homework.git/internal/service/mocks/return_storage_interface_mock.go:1799.76,1805.49 4 0
gitlab.ozon.dev/akugnerevich/homework.git/internal/service/mocks/return_storage_interface_mock.go:1805.49,1807.3 1 0
gitlab.ozon.dev/akugnerevich/homework.git/internal/service/mocks/return_storage_interface_mock.go:1809.2,1809.61 1 0
gitlab.ozon.dev/akugnerevich/homework.git/internal/service/mocks/return_storage_interface_mock.go:1809.61,1813.24 3 0
gitlab.ozon.dev/akugnerevich/homework.git/internal/service/mocks/return_storage_interface_mock.go:1813.24,1815.4 1 0
gitlab.ozon.dev/akugnerevich/homework.git/internal/service/mocks/return_storage_interface_mock.go:1816.3,1816.27 1 0
gitlab.ozon.dev/akugnerevich/homework.git/internal/service/mocks/return_storage_interface_mock.go:1818.2,1818.42 1 0
gitlab.ozon.dev/akugnerevich/homework.git/internal/service/mocks/return_storage_interface_mock.go:1818.42,1820.3 1 0
gitlab.ozon.dev/akugnerevich/homework.git/internal/service/mocks/return_storage_interface_mock.go:1821.2,1822.8 2 0
gitlab.ozon.dev/akugnerevich/homework.git/internal/service/mocks/return_storage_interface_mock.go:1826.83,1828.2 1 0
gitlab.ozon.dev/akugnerevich/homework.git/internal/service/mocks/return_storage_interface_mock.go:1831.84,1833.2 1 0
gitlab.ozon.dev/akugnerevich/homework.git/internal/service/mocks/return_storage_interface_mock.go:1837.69,1838.32 1 0
gitlab.ozon.dev/akugnerevich/homework.git/internal/service/mocks/return_storage_interface_mock.go:1838.32,1841.3 1 0
gitlab.ozon.dev/akugnerevich/homework.git/internal/service/mocks/return_storage_interface_mock.go:1843.2,1843.51 1 0
gitlab.ozon.dev/akugnerevich/homework.git/internal/service/mocks/return_storage_interface_mock.go:1843.51,1844.43 1 0
gitlab.ozon.dev/akugnerevich/homework.git/internal/service/mocks/return_storage_interface_mock.go:1844.43,1846.4 1 0
gitlab.ozon.dev/akugnerevich/homework.git/internal/service/mocks/return_storage_interface_mock.go:1849.2,1849.44 1 0
gitlab.ozon.dev/akugnerevich/homework.git/internal/service/mocks/return_storage_interface_mock.go:1853.67,1854.51 1 0
gitlab.ozon.dev/akugnerevich/homework.git/internal/service/mocks/return_storage_interface_mock.go:1854.51,1855.43 1 0
gitlab.ozon.dev/akugnerevich/homework.git/internal/service/mocks/return_storage_interface_mock.go:1855.43,1857.4 1 0
gitlab.ozon.dev/akugnerevich/homework.git/internal/service/mocks/return_storage_interface_mock.go:1860.2,1862.80 2 0
gitlab.ozon.dev/akugnerevich/homework.git/internal/service/mocks/return_storage_interface_mock.go:1862.80,1864.3 1 0
gitlab.ozon.dev/akugnerevich/homework.git/internal/service/mocks/return_storage_interface_mock.go:1866.2,1866.61 1 0
gitlab.ozon.dev/akugnerevich/homework.git/internal/service/mocks/return_storage_interface_mock.go:1866.61,1868.3 1 0
gitlab.ozon.dev/akugnerevich/homework.git/internal/service/mocks/return_storage_interface_mock.go:1870.2,1870.73 1 0
gitlab.ozon.dev/akugnerevich/homework.git/internal/service/mocks/return_storage_interface_mock.go:1870.73,1873.3 1 0
gitlab.ozon.dev/akugnerevich/homework.git/internal/service/mocks/return_storage_interface_mock.go:1877.55,1878.25 1 0
gitlab.ozon.dev/akugnerevich/homework.git/internal/service/mocks/return_storage_interface_mock.go:1878.25,1879.24 1 0
gitlab.ozon.dev/akugnerevich/homework.git/internal/service/mocks/return_storage_interface_mock.go:1879.24,1893.4 7 0
gitlab.ozon.dev/akugnerevich/homework.git/internal/service/mocks/return_storage_interface_mock.go:1898.77,1900.6 2 0
gitlab.ozon.dev/akugnerevich/homework.git/internal/service/mocks/return_storage_interface_mock.go:1900.6,1901.23 1 0
gitlab.ozon.dev/akugnerevich/homework.git/internal/service/mocks/return_storage_interface_mock.go:1901.23,1903.4 1 0
gitlab.ozon.dev/akugnerevich/homework.git/internal/service/mocks/return_storage_interface_mock.go:1904.3,1904.10 1 0
gitlab.ozon.dev/akugnerevich/homework.git/internal/service/mocks/return_storage_interface_mock.go:1905.20,1907.10 2 0
gitlab.ozon.dev/akugnerevich/homework.git/internal/service/mocks/return_storage_interface_mock.go:1908.50,1908.50 0 0
gitlab.ozon.dev/akugnerevich/homework.git/internal/service/mocks/return_storage_interface_mock.go:1913.58,1923.2 2 0
gitlab.ozon.dev/akugnerevich/homework.git/internal/service/orders/orders.go:13.75,14.24 1 1
gitlab.ozon.dev/akugnerevich/homework.git/internal/service/orders/orders.go:14.24,16.3 1 1
gitlab.ozon.dev/akugnerevich/homework.git/internal/service/orders/orders.go:17.2,17.41 1 1
gitlab.ozon.dev/akugnerevich/homework.git/internal/service/orders/orders.go:17.41,19.3 1 1
gitlab.ozon.dev/akugnerevich/homework.git/internal/service/orders/orders.go:20.2,23.12 4 1
gitlab.ozon.dev/akugnerevich/homework.git/internal/service/orders/orders.go:27.68,28.19 1 1
gitlab.ozon.dev/akugnerevich/homework.git/internal/service/orders/orders.go:28.19,30.3 1 1
gitlab.ozon.dev/akugnerevich/homework.git/internal/service/orders/orders.go:32.2,34.25 2 1
gitlab.ozon.dev/akugnerevich/homework.git/internal/service/orders/orders.go:34.25,36.14 2 1
gitlab.ozon.dev/akugnerevich/homework.git/internal/service/orders/orders.go:36.14,38.4 1 1
gitlab.ozon.dev/akugnerevich/homework.git/internal/service/orders/orders.go:39.3,39.39 1 1
gitlab.ozon.dev/akugnerevich/homework.git/internal/service/orders/orders.go:39.39,41.4 1 1
gitlab.ozon.dev/akugnerevich/homework.git/internal/service/orders/orders.go:43.3,43.39 1 1
gitlab.ozon.dev/akugnerevich/homework.git/internal/service/orders/orders.go:43.39,45.4 1 1
gitlab.ozon.dev/akugnerevich/homework.git/internal/service/orders/orders.go:47.3,47.45 1 1
gitlab.ozon.dev/akugnerevich/homework.git/internal/service/orders/orders.go:47.45,49.4 1 1
gitlab.ozon.dev/akugnerevich/homework.git/internal/service/orders/orders.go:51.3,52.31 2 1
gitlab.ozon.dev/akugnerevich/homework.git/internal/service/orders/orders.go:55.2,55.12 1 1
gitlab.ozon.dev/akugnerevich/homework.git/internal/service/orders/orders.go:58.84,59.22 1 1
gitlab.ozon.dev/akugnerevich/homework.git/internal/service/orders/orders.go:59.22,61.3 1 1
gitlab.ozon.dev/akugnerevich/homework.git/internal/service/orders/orders.go:62.2,65.11 4 1
gitlab.ozon.dev/akugnerevich/homework.git/internal/service/orders/orders.go:65.11,67.3 1 0
gitlab.ozon.dev/akugnerevich/homework.git/internal/service/orders/orders.go:67.8,67.26 1 1
gitlab.ozon.dev/akugnerevich/homework.git/internal/service/orders/orders.go:67.26,69.3 1 1
gitlab.ozon.dev/akugnerevich/homework.git/internal/service/orders/orders.go:70.2,70.12 1 1
gitlab.ozon.dev/akugnerevich/homework.git/internal/service/orders/orders.go:70.12,72.3 1 1
gitlab.ozon.dev/akugnerevich/homework.git/internal/service/orders/orders.go:73.2,73.45 1 1
gitlab.ozon.dev/akugnerevich/homework.git/internal/service/orders/orders.go:77.66,79.13 2 1
gitlab.ozon.dev/akugnerevich/homework.git/internal/service/orders/orders.go:79.13,81.3 1 1
gitlab.ozon.dev/akugnerevich/homework.git/internal/service/orders/orders.go:82.2,82.28 1 1
gitlab.ozon.dev/akugnerevich/homework.git/internal/service/orders/orders.go:85.42,86.36 1 1
gitlab.ozon.dev/akugnerevich/homework.git/internal/service/orders/orders.go:86.36,88.3 1 0
gitlab.ozon.dev/akugnerevich/homework.git/internal/service/orders/orders.go:89.2,89.12 1 1
gitlab.ozon.dev/akugnerevich/homework.git/internal/service/orders/orders.go:92.89,96.24 4 1
gitlab.ozon.dev/akugnerevich/homework.git/internal/service/orders/orders.go:96.24,98.123 2 0
gitlab.ozon.dev/akugnerevich/homework.git/internal/service/orders/orders.go:98.123,100.4 1 0
gitlab.ozon.dev/akugnerevich/homework.git/internal/service/orders/orders.go:103.2,103.17 1 1
gitlab.ozon.dev/akugnerevich/homework.git/internal/service/orders/orders.go:106.72,109.25 3 1
gitlab.ozon.dev/akugnerevich/homework.git/internal/service/orders/orders.go:109.25,111.27 2 1
gitlab.ozon.dev/akugnerevich/homework.git/internal/service/orders/orders.go:111.27,113.4 1 0
gitlab.ozon.dev/akugnerevich/homework.git/internal/service/orders/orders.go:115.2,115.12 1 1
gitlab.ozon.dev/akugnerevich/homework.git/internal/service/pagination/pagination.go:13.64,17.15 3 1
gitlab.ozon.dev/akugnerevich/homework.git/internal/service/pagination/pagination.go:17.15,19.3 1 0
gitlab.ozon.dev/akugnerevich/homework.git/internal/service/pagination/pagination.go:21.2,23.6 3 1
gitlab.ozon.dev/akugnerevich/homework.git/internal/service/pagination/pagination.go:23.6,26.18 3 1
gitlab.ozon.dev/akugnerevich/homework.git/internal/service/pagination/pagination.go:26.18,28.4 1 1
gitlab.ozon.dev/akugnerevich/homework.git/internal/service/pagination/pagination.go:30.3,30.32 1 1
gitlab.ozon.dev/akugnerevich/homework.git/internal/service/pagination/pagination.go:30.32,33.4 1 0
gitlab.ozon.dev/akugnerevich/homework.git/internal/service/pagination/pagination.go:34.3,36.25 2 1
gitlab.ozon.dev/akugnerevich/homework.git/internal/service/pagination/pagination.go:36.25,40.4 3 1
gitlab.ozon.dev/akugnerevich/homework.git/internal/service/pagination/pagination.go:42.3,43.31 2 0
gitlab.ozon.dev/akugnerevich/homework.git/internal/service/pagination/pagination.go:50.70,51.27 1 0
gitlab.ozon.dev/akugnerevich/homework.git/internal/service/pagination/pagination.go:51.27,53.3 1 0
gitlab.ozon.dev/akugnerevich/homework.git/internal/service/pagination/pagination.go:55.2,57.28 2 0
gitlab.ozon.dev/akugnerevich/homework.git/internal/service/pagination/pagination.go:57.28,59.3 1 0
gitlab.ozon.dev/akugnerevich/homework.git/internal/service/pagination/pagination.go:61.2,62.24 2 0
gitlab.ozon.dev/akugnerevich/homework.git/internal/service/pagination/pagination.go:62.24,64.3 1 0
gitlab.ozon.dev/akugnerevich/homework.git/internal/service/pagination/pagination.go:65.2,66.28 2 0
gitlab.ozon.dev/akugnerevich/homework.git/internal/service/pagination/pagination.go:66.28,68.3 1 0
gitlab.ozon.dev/akugnerevich/homework.git/internal/service/pagination/pagination.go:69.2,69.12 1 0
gitlab.ozon.dev/akugnerevich/homework.git/internal/storage/orders.go:25.39,28.2 2 0
gitlab.ozon.dev/akugnerevich/homework.git/internal/storage/orders.go:30.38,32.2 1 0
gitlab.ozon.dev/akugnerevich/homework.git/internal/storage/orders.go:34.61,36.2 1 0
gitlab.ozon.dev/akugnerevich/homework.git/internal/storage/orders.go:38.48,41.2 2 0
gitlab.ozon.dev/akugnerevich/homework.git/internal/storage/orders.go:43.56,45.2 1 0
gitlab.ozon.dev/akugnerevich/homework.git/internal/storage/orders.go:48.45,50.16 2 0
gitlab.ozon.dev/akugnerevich/homework.git/internal/storage/orders.go:50.16,52.3 1 0
gitlab.ozon.dev/akugnerevich/homework.git/internal/storage/orders.go:53.2,56.16 3 0
gitlab.ozon.dev/akugnerevich/homework.git/internal/storage/orders.go:56.16,58.3 1 0
gitlab.ozon.dev/akugnerevich/homework.git/internal/storage/orders.go:60.2,60.20 1 0
gitlab.ozon.dev/akugnerevich/homework.git/internal/storage/orders.go:60.20,63.3 2 0
gitlab.ozon.dev/akugnerevich/homework.git/internal/storage/orders.go:65.2,70.16 3 0
gitlab.ozon.dev/akugnerevich/homework.git/internal/storage/orders.go:70.16,72.3 1 0
gitlab.ozon.dev/akugnerevich/homework.git/internal/storage/orders.go:74.2,75.37 2 0
gitlab.ozon.dev/akugnerevich/homework.git/internal/storage/orders.go:75.37,78.3 2 0
gitlab.ozon.dev/akugnerevich/homework.git/internal/storage/orders.go:80.2,80.12 1 0
gitlab.ozon.dev/akugnerevich/homework.git/internal/storage/orders.go:83.44,85.16 2 0
gitlab.ozon.dev/akugnerevich/homework.git/internal/storage/orders.go:85.16,87.3 1 0
gitlab.ozon.dev/akugnerevich/homework.git/internal/storage/orders.go:88.2,92.42 4 0
gitlab.ozon.dev/akugnerevich/homework.git/internal/storage/orders.go:92.42,94.3 1 0
gitlab.ozon.dev/akugnerevich/homework.git/internal/storage/orders.go:95.2,95.12 1 0
gitlab.ozon.dev/akugnerevich/homework.git/internal/storage/orders.go:98.65,101.2 2 0
gitlab.ozon.dev/akugnerevich/homework.git/internal/storage/orders.go:103.46,105.26 2 0
gitlab.ozon.dev/akugnerevich/homework.git/internal/storage/orders.go:105.26,107.3 1 0
gitlab.ozon.dev/akugnerevich/homework.git/internal/storage/orders.go:108.2,108.12 1 0
gitlab.ozon.dev/akugnerevich/homework.git/internal/storage/returns.go:25.40,28.2 2 0
gitlab.ozon.dev/akugnerevich/homework.git/internal/storage/returns.go:30.40,32.2 1 0
gitlab.ozon.dev/akugnerevich/homework.git/internal/storage/returns.go:34.69,36.8 2 0
gitlab.ozon.dev/akugnerevich/homework.git/internal/storage/returns.go:36.8,38.3 1 0
gitlab.ozon.dev/akugnerevich/homework.git/internal/storage/returns.go:38.8,40.3 1 0
gitlab.ozon.dev/akugnerevich/homework.git/internal/storage/returns.go:42.2,42.12 1 0
gitlab.ozon.dev/akugnerevich/homework.git/internal/storage/returns.go:45.59,47.2 1 0
gitlab.ozon.dev/akugnerevich/homework.git/internal/storage/returns.go:50.50,53.2 2 0
gitlab.ozon.dev/akugnerevich/homework.git/internal/storage/returns.go:56.47,58.16 2 0
gitlab.ozon.dev/akugnerevich/homework.git/internal/storage/returns.go:58.16,60.3 1 0
gitlab.ozon.dev/akugnerevich/homework.git/internal/storage/returns.go:61.2,64.16 3 0
gitlab.ozon.dev/akugnerevich/homework.git/internal/storage/returns.go:64.16,66.3 1 0
gitlab.ozon.dev/akugnerevich/homework.git/internal/storage/returns.go:68.2,68.20 1 0
gitlab.ozon.dev/akugnerevich/homework.git/internal/storage/returns.go:68.20,71.3 2 0
gitlab.ozon.dev/akugnerevich/homework.git/internal/storage/returns.go:73.2,78.16 3 0
gitlab.ozon.dev/akugnerevich/homework.git/internal/storage/returns.go:78.16,80.3 1 0
gitlab.ozon.dev/akugnerevich/homework.git/internal/storage/returns.go:82.2,83.34 2 0
gitlab.ozon.dev/akugnerevich/homework.git/internal/storage/returns.go:83.34,86.3 2 0
gitlab.ozon.dev/akugnerevich/homework.git/internal/storage/returns.go:88.2,88.12 1 0
gitlab.ozon.dev/akugnerevich/homework.git/internal/storage/returns.go:91.46,93.16 2 0
gitlab.ozon.dev/akugnerevich/homework.git/internal/storage/returns.go:93.16,95.3 1 0
gitlab.ozon.dev/akugnerevich/homework.git/internal/storage/returns.go:96.2,100.43 4 0
gitlab.ozon.dev/akugnerevich/homework.git/internal/storage/returns.go:100.43,102.3 1 0
gitlab.ozon.dev/akugnerevich/homework.git/internal/storage/returns.go:103.2,103.12 1 0
gitlab.ozon.dev/akugnerevich/homework.git/internal/storage/returns.go:106.68,109.2 2 0
gitlab.ozon.dev/akugnerevich/homework.git/internal/storage/returns.go:111.48,113.26 2 0
gitlab.ozon.dev/akugnerevich/homework.git/internal/storage/returns.go:113.26,115.3 1 0
gitlab.ozon.dev/akugnerevich/homework.git/internal/storage/returns.go:116.2,116.12 1 0
